{"/Users/yifanli/WebstormProjects/ESN-F16-SA8/app.js":{"path":"/Users/yifanli/WebstormProjects/ESN-F16-SA8/app.js","s":{"1":1,"2":1,"3":1,"4":1,"5":1,"6":1,"7":1,"8":1,"9":1,"10":1,"11":1,"12":1,"13":1,"14":1,"15":1,"16":1,"17":1,"18":1,"19":1,"20":1,"21":1,"22":1,"23":36,"24":36,"25":1,"26":1,"27":1,"28":1,"29":1,"30":1,"31":1,"32":1,"33":1,"34":1,"35":1,"36":1,"37":1,"38":1,"39":1},"b":{},"f":{"1":36},"fnMap":{"1":{"name":"(anonymous_1)","line":33,"loc":{"start":{"line":33,"column":8},"end":{"line":33,"column":32}}}},"statementMap":{"1":{"start":{"line":1,"column":0},"end":{"line":1,"column":33}},"2":{"start":{"line":2,"column":0},"end":{"line":2,"column":20}},"3":{"start":{"line":3,"column":0},"end":{"line":3,"column":39}},"4":{"start":{"line":4,"column":0},"end":{"line":4,"column":36}},"5":{"start":{"line":5,"column":0},"end":{"line":5,"column":27}},"6":{"start":{"line":6,"column":0},"end":{"line":6,"column":40}},"7":{"start":{"line":7,"column":0},"end":{"line":7,"column":31}},"8":{"start":{"line":8,"column":0},"end":{"line":8,"column":44}},"9":{"start":{"line":9,"column":0},"end":{"line":9,"column":40}},"10":{"start":{"line":10,"column":0},"end":{"line":10,"column":35}},"11":{"start":{"line":11,"column":0},"end":{"line":11,"column":41}},"12":{"start":{"line":12,"column":0},"end":{"line":12,"column":48}},"13":{"start":{"line":14,"column":0},"end":{"line":21,"column":4}},"14":{"start":{"line":23,"column":0},"end":{"line":23,"column":30}},"15":{"start":{"line":24,"column":0},"end":{"line":24,"column":34}},"16":{"start":{"line":26,"column":0},"end":{"line":26,"column":19}},"17":{"start":{"line":27,"column":0},"end":{"line":27,"column":23}},"18":{"start":{"line":28,"column":0},"end":{"line":28,"column":27}},"19":{"start":{"line":29,"column":0},"end":{"line":29,"column":33}},"20":{"start":{"line":30,"column":0},"end":{"line":30,"column":24}},"21":{"start":{"line":31,"column":0},"end":{"line":31,"column":56}},"22":{"start":{"line":33,"column":0},"end":{"line":36,"column":3}},"23":{"start":{"line":34,"column":2},"end":{"line":34,"column":37}},"24":{"start":{"line":35,"column":2},"end":{"line":35,"column":9}},"25":{"start":{"line":38,"column":0},"end":{"line":38,"column":75}},"26":{"start":{"line":39,"column":0},"end":{"line":39,"column":77}},"27":{"start":{"line":40,"column":0},"end":{"line":40,"column":74}},"28":{"start":{"line":41,"column":0},"end":{"line":41,"column":75}},"29":{"start":{"line":43,"column":0},"end":{"line":43,"column":63}},"30":{"start":{"line":46,"column":0},"end":{"line":46,"column":78}},"31":{"start":{"line":47,"column":0},"end":{"line":47,"column":46}},"32":{"start":{"line":48,"column":0},"end":{"line":48,"column":23}},"33":{"start":{"line":50,"column":0},"end":{"line":50,"column":75}},"34":{"start":{"line":51,"column":0},"end":{"line":51,"column":44}},"35":{"start":{"line":52,"column":0},"end":{"line":52,"column":22}},"36":{"start":{"line":54,"column":0},"end":{"line":54,"column":78}},"37":{"start":{"line":55,"column":0},"end":{"line":55,"column":46}},"38":{"start":{"line":56,"column":0},"end":{"line":56,"column":23}},"39":{"start":{"line":63,"column":0},"end":{"line":63,"column":22}}},"branchMap":{}},"/Users/yifanli/WebstormProjects/ESN-F16-SA8/helpers/dbHandle.js":{"path":"/Users/yifanli/WebstormProjects/ESN-F16-SA8/helpers/dbHandle.js","s":{"1":1,"2":1,"3":1,"4":1,"5":1,"6":7,"7":1,"8":1,"9":1,"10":1,"11":78,"12":24,"13":168},"b":{"1":[1,1]},"f":{"1":78,"2":24,"3":168},"fnMap":{"1":{"name":"(anonymous_1)","line":17,"loc":{"start":{"line":17,"column":11},"end":{"line":17,"column":25}}},"2":{"name":"(anonymous_2)","line":20,"loc":{"start":{"line":20,"column":10},"end":{"line":20,"column":21}}},"3":{"name":"(anonymous_3)","line":22,"loc":{"start":{"line":22,"column":45},"end":{"line":22,"column":57}}}},"statementMap":{"1":{"start":{"line":1,"column":0},"end":{"line":1,"column":35}},"2":{"start":{"line":2,"column":0},"end":{"line":2,"column":29}},"3":{"start":{"line":3,"column":0},"end":{"line":3,"column":34}},"4":{"start":{"line":4,"column":0},"end":{"line":4,"column":35}},"5":{"start":{"line":7,"column":0},"end":{"line":9,"column":1}},"6":{"start":{"line":8,"column":1},"end":{"line":8,"column":43}},"7":{"start":{"line":11,"column":0},"end":{"line":11,"column":34}},"8":{"start":{"line":12,"column":0},"end":{"line":12,"column":77}},"9":{"start":{"line":14,"column":0},"end":{"line":14,"column":30}},"10":{"start":{"line":16,"column":0},"end":{"line":27,"column":2}},"11":{"start":{"line":18,"column":2},"end":{"line":18,"column":30}},"12":{"start":{"line":21,"column":2},"end":{"line":24,"column":3}},"13":{"start":{"line":22,"column":3},"end":{"line":23,"column":6}}},"branchMap":{"1":{"line":12,"type":"binary-expr","locations":[{"start":{"line":12,"column":18},"end":{"line":12,"column":41}},{"start":{"line":12,"column":45},"end":{"line":12,"column":76}}]}}},"/Users/yifanli/WebstormProjects/ESN-F16-SA8/config.js":{"path":"/Users/yifanli/WebstormProjects/ESN-F16-SA8/config.js","s":{"1":1},"b":{},"f":{},"fnMap":{},"statementMap":{"1":{"start":{"line":1,"column":0},"end":{"line":7,"column":2}}},"branchMap":{}},"/Users/yifanli/WebstormProjects/ESN-F16-SA8/helpers/schemas.js":{"path":"/Users/yifanli/WebstormProjects/ESN-F16-SA8/helpers/schemas.js","s":{"1":1},"b":{},"f":{},"fnMap":{},"statementMap":{"1":{"start":{"line":1,"column":0},"end":{"line":50,"column":2}}},"branchMap":{}},"/Users/yifanli/WebstormProjects/ESN-F16-SA8/controllers/find_nearby/findNearby.js":{"path":"/Users/yifanli/WebstormProjects/ESN-F16-SA8/controllers/find_nearby/findNearby.js","s":{"1":1,"2":1,"3":1,"4":1,"5":1,"6":1,"7":1,"8":1,"9":1,"10":1,"11":2,"12":1,"13":1,"14":1,"15":2,"16":2,"17":2,"18":2,"19":2,"20":2,"21":4,"22":2,"23":2,"24":2,"25":2,"26":1,"27":1,"28":1,"29":1,"30":1,"31":1,"32":1,"33":1,"34":1,"35":1,"36":1,"37":1,"38":1,"39":1,"40":1,"41":1,"42":1,"43":1,"44":1,"45":1,"46":1,"47":1,"48":1,"49":1,"50":1,"51":1,"52":1,"53":1,"54":1,"55":1,"56":1,"57":1,"58":1,"59":1,"60":1,"61":1,"62":1,"63":1,"64":1,"65":1,"66":1,"67":1,"68":1,"69":1,"70":1,"71":1,"72":1,"73":1,"74":1,"75":1},"b":{"1":[1,1],"2":[2,2],"3":[2,0]},"f":{"1":2,"2":2,"3":2,"4":1,"5":1,"6":1,"7":1,"8":1,"9":1,"10":1,"11":1,"12":1,"13":1,"14":1,"15":1},"fnMap":{"1":{"name":"(anonymous_1)","line":21,"loc":{"start":{"line":21,"column":16},"end":{"line":21,"column":34}}},"2":{"name":"(anonymous_2)","line":30,"loc":{"start":{"line":30,"column":33},"end":{"line":30,"column":51}}},"3":{"name":"(anonymous_3)","line":34,"loc":{"start":{"line":34,"column":49},"end":{"line":34,"column":63}}},"4":{"name":"(anonymous_4)","line":50,"loc":{"start":{"line":50,"column":31},"end":{"line":50,"column":49}}},"5":{"name":"(anonymous_5)","line":55,"loc":{"start":{"line":55,"column":8},"end":{"line":55,"column":22}}},"6":{"name":"(anonymous_6)","line":62,"loc":{"start":{"line":62,"column":36},"end":{"line":62,"column":54}}},"7":{"name":"(anonymous_7)","line":64,"loc":{"start":{"line":64,"column":27},"end":{"line":64,"column":49}}},"8":{"name":"(anonymous_8)","line":70,"loc":{"start":{"line":70,"column":35},"end":{"line":70,"column":53}}},"9":{"name":"(anonymous_9)","line":82,"loc":{"start":{"line":82,"column":8},"end":{"line":82,"column":18}}},"10":{"name":"(anonymous_10)","line":89,"loc":{"start":{"line":89,"column":34},"end":{"line":89,"column":53}}},"11":{"name":"(anonymous_11)","line":92,"loc":{"start":{"line":92,"column":20},"end":{"line":92,"column":50}}},"12":{"name":"(anonymous_12)","line":96,"loc":{"start":{"line":96,"column":40},"end":{"line":96,"column":54}}},"13":{"name":"(anonymous_13)","line":120,"loc":{"start":{"line":120,"column":16},"end":{"line":120,"column":26}}},"14":{"name":"(anonymous_14)","line":129,"loc":{"start":{"line":129,"column":25},"end":{"line":129,"column":44}}},"15":{"name":"(anonymous_15)","line":146,"loc":{"start":{"line":146,"column":8},"end":{"line":146,"column":18}}}},"statementMap":{"1":{"start":{"line":2,"column":0},"end":{"line":2,"column":33}},"2":{"start":{"line":3,"column":0},"end":{"line":3,"column":30}},"3":{"start":{"line":5,"column":0},"end":{"line":5,"column":59}},"4":{"start":{"line":6,"column":0},"end":{"line":6,"column":51}},"5":{"start":{"line":8,"column":0},"end":{"line":8,"column":44}},"6":{"start":{"line":9,"column":0},"end":{"line":9,"column":39}},"7":{"start":{"line":10,"column":0},"end":{"line":10,"column":23}},"8":{"start":{"line":12,"column":0},"end":{"line":17,"column":2}},"9":{"start":{"line":19,"column":0},"end":{"line":19,"column":37}},"10":{"start":{"line":21,"column":0},"end":{"line":28,"column":3}},"11":{"start":{"line":22,"column":2},"end":{"line":27,"column":3}},"12":{"start":{"line":23,"column":4},"end":{"line":23,"column":29}},"13":{"start":{"line":26,"column":3},"end":{"line":26,"column":48}},"14":{"start":{"line":30,"column":0},"end":{"line":48,"column":3}},"15":{"start":{"line":31,"column":1},"end":{"line":31,"column":35}},"16":{"start":{"line":32,"column":1},"end":{"line":32,"column":35}},"17":{"start":{"line":33,"column":4},"end":{"line":33,"column":18}},"18":{"start":{"line":34,"column":4},"end":{"line":47,"column":6}},"19":{"start":{"line":35,"column":12},"end":{"line":35,"column":28}},"20":{"start":{"line":36,"column":12},"end":{"line":43,"column":13}},"21":{"start":{"line":37,"column":16},"end":{"line":42,"column":17}},"22":{"start":{"line":38,"column":20},"end":{"line":39,"column":45}},"23":{"start":{"line":39,"column":24},"end":{"line":39,"column":45}},"24":{"start":{"line":41,"column":20},"end":{"line":41,"column":41}},"25":{"start":{"line":45,"column":12},"end":{"line":45,"column":46}},"26":{"start":{"line":50,"column":0},"end":{"line":60,"column":3}},"27":{"start":{"line":51,"column":4},"end":{"line":51,"column":38}},"28":{"start":{"line":52,"column":4},"end":{"line":52,"column":38}},"29":{"start":{"line":53,"column":4},"end":{"line":53,"column":20}},"30":{"start":{"line":54,"column":4},"end":{"line":59,"column":6}},"31":{"start":{"line":57,"column":12},"end":{"line":57,"column":40}},"32":{"start":{"line":62,"column":0},"end":{"line":68,"column":3}},"33":{"start":{"line":63,"column":4},"end":{"line":63,"column":30}},"34":{"start":{"line":64,"column":4},"end":{"line":66,"column":7}},"35":{"start":{"line":65,"column":8},"end":{"line":65,"column":25}},"36":{"start":{"line":70,"column":0},"end":{"line":87,"column":3}},"37":{"start":{"line":71,"column":1},"end":{"line":71,"column":38}},"38":{"start":{"line":72,"column":4},"end":{"line":72,"column":36}},"39":{"start":{"line":73,"column":1},"end":{"line":73,"column":25}},"40":{"start":{"line":74,"column":4},"end":{"line":74,"column":28}},"41":{"start":{"line":75,"column":4},"end":{"line":80,"column":6}},"42":{"start":{"line":81,"column":4},"end":{"line":85,"column":6}},"43":{"start":{"line":83,"column":12},"end":{"line":83,"column":32}},"44":{"start":{"line":89,"column":0},"end":{"line":127,"column":3}},"45":{"start":{"line":90,"column":4},"end":{"line":90,"column":45}},"46":{"start":{"line":91,"column":4},"end":{"line":91,"column":43}},"47":{"start":{"line":92,"column":4},"end":{"line":125,"column":7}},"48":{"start":{"line":93,"column":8},"end":{"line":93,"column":30}},"49":{"start":{"line":94,"column":8},"end":{"line":94,"column":53}},"50":{"start":{"line":95,"column":8},"end":{"line":95,"column":49}},"51":{"start":{"line":96,"column":8},"end":{"line":124,"column":11}},"52":{"start":{"line":97,"column":12},"end":{"line":97,"column":35}},"53":{"start":{"line":98,"column":12},"end":{"line":98,"column":49}},"54":{"start":{"line":100,"column":12},"end":{"line":100,"column":33}},"55":{"start":{"line":102,"column":12},"end":{"line":102,"column":33}},"56":{"start":{"line":104,"column":12},"end":{"line":104,"column":53}},"57":{"start":{"line":106,"column":12},"end":{"line":106,"column":34}},"58":{"start":{"line":108,"column":12},"end":{"line":108,"column":54}},"59":{"start":{"line":109,"column":12},"end":{"line":109,"column":35}},"60":{"start":{"line":110,"column":12},"end":{"line":117,"column":14}},"61":{"start":{"line":119,"column":12},"end":{"line":123,"column":14}},"62":{"start":{"line":121,"column":20},"end":{"line":121,"column":40}},"63":{"start":{"line":129,"column":0},"end":{"line":152,"column":3}},"64":{"start":{"line":130,"column":4},"end":{"line":130,"column":30}},"65":{"start":{"line":131,"column":4},"end":{"line":131,"column":44}},"66":{"start":{"line":132,"column":4},"end":{"line":132,"column":28}},"67":{"start":{"line":133,"column":4},"end":{"line":133,"column":28}},"68":{"start":{"line":134,"column":4},"end":{"line":134,"column":48}},"69":{"start":{"line":135,"column":4},"end":{"line":135,"column":26}},"70":{"start":{"line":136,"column":4},"end":{"line":136,"column":46}},"71":{"start":{"line":137,"column":4},"end":{"line":143,"column":6}},"72":{"start":{"line":145,"column":4},"end":{"line":150,"column":6}},"73":{"start":{"line":147,"column":12},"end":{"line":147,"column":46}},"74":{"start":{"line":148,"column":12},"end":{"line":148,"column":27}},"75":{"start":{"line":154,"column":0},"end":{"line":154,"column":24}}},"branchMap":{"1":{"line":22,"type":"if","locations":[{"start":{"line":22,"column":2},"end":{"line":22,"column":2}},{"start":{"line":22,"column":2},"end":{"line":22,"column":2}}]},"2":{"line":37,"type":"if","locations":[{"start":{"line":37,"column":16},"end":{"line":37,"column":16}},{"start":{"line":37,"column":16},"end":{"line":37,"column":16}}]},"3":{"line":38,"type":"if","locations":[{"start":{"line":38,"column":20},"end":{"line":38,"column":20}},{"start":{"line":38,"column":20},"end":{"line":38,"column":20}}]}}},"/Users/yifanli/WebstormProjects/ESN-F16-SA8/models/userLocation.js":{"path":"/Users/yifanli/WebstormProjects/ESN-F16-SA8/models/userLocation.js","s":{"1":1,"2":1,"3":1,"4":3,"5":3,"6":1,"7":2,"8":2,"9":2,"10":2,"11":2,"12":2,"13":1},"b":{},"f":{"1":3,"2":3,"3":2,"4":2},"fnMap":{"1":{"name":"(anonymous_1)","line":4,"loc":{"start":{"line":4,"column":30},"end":{"line":4,"column":65}}},"2":{"name":"(anonymous_2)","line":8,"loc":{"start":{"line":8,"column":7},"end":{"line":8,"column":26}}},"3":{"name":"(anonymous_3)","line":13,"loc":{"start":{"line":13,"column":34},"end":{"line":13,"column":56}}},"4":{"name":"(anonymous_4)","line":18,"loc":{"start":{"line":18,"column":63},"end":{"line":18,"column":87}}}},"statementMap":{"1":{"start":{"line":1,"column":0},"end":{"line":1,"column":65}},"2":{"start":{"line":2,"column":0},"end":{"line":2,"column":22}},"3":{"start":{"line":4,"column":0},"end":{"line":11,"column":2}},"4":{"start":{"line":5,"column":4},"end":{"line":10,"column":7}},"5":{"start":{"line":9,"column":8},"end":{"line":9,"column":23}},"6":{"start":{"line":13,"column":0},"end":{"line":23,"column":2}},"7":{"start":{"line":14,"column":4},"end":{"line":14,"column":31}},"8":{"start":{"line":15,"column":8},"end":{"line":15,"column":19}},"9":{"start":{"line":16,"column":8},"end":{"line":16,"column":73}},"10":{"start":{"line":18,"column":4},"end":{"line":22,"column":7}},"11":{"start":{"line":19,"column":8},"end":{"line":19,"column":53}},"12":{"start":{"line":20,"column":8},"end":{"line":20,"column":19}},"13":{"start":{"line":25,"column":0},"end":{"line":25,"column":30}}},"branchMap":{}},"/Users/yifanli/WebstormProjects/ESN-F16-SA8/models/mapEvent.js":{"path":"/Users/yifanli/WebstormProjects/ESN-F16-SA8/models/mapEvent.js","s":{"1":1,"2":1,"3":1,"4":2,"5":2,"6":2,"7":2,"8":1,"9":3,"10":3,"11":1},"b":{},"f":{"1":2,"2":2,"3":3,"4":3},"fnMap":{"1":{"name":"(anonymous_1)","line":4,"loc":{"start":{"line":4,"column":27},"end":{"line":4,"column":62}}},"2":{"name":"(anonymous_2)","line":11,"loc":{"start":{"line":11,"column":7},"end":{"line":11,"column":26}}},"3":{"name":"(anonymous_3)","line":16,"loc":{"start":{"line":16,"column":20},"end":{"line":16,"column":46}}},"4":{"name":"(anonymous_4)","line":18,"loc":{"start":{"line":18,"column":8},"end":{"line":18,"column":21}}}},"statementMap":{"1":{"start":{"line":1,"column":0},"end":{"line":1,"column":54}},"2":{"start":{"line":2,"column":0},"end":{"line":2,"column":14}},"3":{"start":{"line":4,"column":0},"end":{"line":14,"column":2}},"4":{"start":{"line":5,"column":4},"end":{"line":5,"column":26}},"5":{"start":{"line":6,"column":4},"end":{"line":6,"column":22}},"6":{"start":{"line":7,"column":4},"end":{"line":13,"column":7}},"7":{"start":{"line":12,"column":8},"end":{"line":12,"column":23}},"8":{"start":{"line":16,"column":0},"end":{"line":22,"column":2}},"9":{"start":{"line":17,"column":4},"end":{"line":21,"column":6}},"10":{"start":{"line":19,"column":16},"end":{"line":19,"column":27}},"11":{"start":{"line":24,"column":0},"end":{"line":24,"column":26}}},"branchMap":{}},"/Users/yifanli/WebstormProjects/ESN-F16-SA8/controllers/post_announcement/announce.js":{"path":"/Users/yifanli/WebstormProjects/ESN-F16-SA8/controllers/post_announcement/announce.js","s":{"1":1,"2":1,"3":1,"4":1,"5":1,"6":1,"7":1,"8":2,"9":1,"10":1,"11":1,"12":1,"13":1,"14":1,"15":1,"16":1,"17":1,"18":1,"19":1,"20":1,"21":1,"22":1,"23":1,"24":1,"25":1},"b":{"1":[0,1],"2":[1,1]},"f":{"1":1,"2":2,"3":1,"4":1,"5":1,"6":1},"fnMap":{"1":{"name":"getTime","line":4,"loc":{"start":{"line":4,"column":0},"end":{"line":4,"column":19}}},"2":{"name":"(anonymous_2)","line":10,"loc":{"start":{"line":10,"column":16},"end":{"line":10,"column":34}}},"3":{"name":"(anonymous_3)","line":20,"loc":{"start":{"line":20,"column":6},"end":{"line":20,"column":24}}},"4":{"name":"(anonymous_4)","line":29,"loc":{"start":{"line":29,"column":4},"end":{"line":29,"column":31}}},"5":{"name":"(anonymous_5)","line":35,"loc":{"start":{"line":35,"column":5},"end":{"line":35,"column":23}}},"6":{"name":"(anonymous_6)","line":40,"loc":{"start":{"line":40,"column":12},"end":{"line":40,"column":29}}}},"statementMap":{"1":{"start":{"line":1,"column":0},"end":{"line":1,"column":33}},"2":{"start":{"line":2,"column":0},"end":{"line":2,"column":30}},"3":{"start":{"line":4,"column":0},"end":{"line":8,"column":1}},"4":{"start":{"line":5,"column":4},"end":{"line":5,"column":26}},"5":{"start":{"line":6,"column":4},"end":{"line":6,"column":193}},"6":{"start":{"line":7,"column":4},"end":{"line":7,"column":27}},"7":{"start":{"line":10,"column":0},"end":{"line":17,"column":3}},"8":{"start":{"line":11,"column":1},"end":{"line":16,"column":2}},"9":{"start":{"line":12,"column":3},"end":{"line":12,"column":34}},"10":{"start":{"line":15,"column":2},"end":{"line":15,"column":47}},"11":{"start":{"line":19,"column":0},"end":{"line":32,"column":3}},"12":{"start":{"line":21,"column":1},"end":{"line":21,"column":61}},"13":{"start":{"line":22,"column":1},"end":{"line":22,"column":34}},"14":{"start":{"line":23,"column":1},"end":{"line":23,"column":48}},"15":{"start":{"line":24,"column":1},"end":{"line":24,"column":22}},"16":{"start":{"line":25,"column":1},"end":{"line":31,"column":4}},"17":{"start":{"line":30,"column":2},"end":{"line":30,"column":43}},"18":{"start":{"line":34,"column":0},"end":{"line":43,"column":3}},"19":{"start":{"line":36,"column":1},"end":{"line":36,"column":61}},"20":{"start":{"line":37,"column":1},"end":{"line":37,"column":35}},"21":{"start":{"line":38,"column":1},"end":{"line":38,"column":17}},"22":{"start":{"line":39,"column":1},"end":{"line":39,"column":25}},"23":{"start":{"line":40,"column":1},"end":{"line":42,"column":4}},"24":{"start":{"line":41,"column":3},"end":{"line":41,"column":34}},"25":{"start":{"line":45,"column":0},"end":{"line":45,"column":24}}},"branchMap":{"1":{"line":6,"type":"cond-expr","locations":[{"start":{"line":6,"column":146},"end":{"line":6,"column":169}},{"start":{"line":6,"column":173},"end":{"line":6,"column":190}}]},"2":{"line":11,"type":"if","locations":[{"start":{"line":11,"column":1},"end":{"line":11,"column":1}},{"start":{"line":11,"column":1},"end":{"line":11,"column":1}}]}}},"/Users/yifanli/WebstormProjects/ESN-F16-SA8/controllers/search_information/search.js":{"path":"/Users/yifanli/WebstormProjects/ESN-F16-SA8/controllers/search_information/search.js","s":{"1":1,"2":1,"3":1,"4":1,"5":2,"6":1,"7":1,"8":1,"9":1,"10":1,"11":1,"12":1,"13":1,"14":1,"15":1,"16":1,"17":1,"18":1,"19":1,"20":1,"21":1,"22":1,"23":1,"24":1,"25":1,"26":1,"27":1,"28":1,"29":1,"30":1,"31":1,"32":1,"33":1},"b":{"1":[1,1]},"f":{"1":2,"2":1,"3":1,"4":1,"5":1,"6":1,"7":1,"8":1,"9":1,"10":1,"11":1},"fnMap":{"1":{"name":"(anonymous_1)","line":6,"loc":{"start":{"line":6,"column":16},"end":{"line":6,"column":34}}},"2":{"name":"(anonymous_2)","line":15,"loc":{"start":{"line":15,"column":33},"end":{"line":15,"column":51}}},"3":{"name":"(anonymous_3)","line":17,"loc":{"start":{"line":17,"column":16},"end":{"line":17,"column":51}}},"4":{"name":"(anonymous_4)","line":23,"loc":{"start":{"line":23,"column":31},"end":{"line":23,"column":49}}},"5":{"name":"(anonymous_5)","line":25,"loc":{"start":{"line":25,"column":16},"end":{"line":25,"column":51}}},"6":{"name":"(anonymous_6)","line":31,"loc":{"start":{"line":31,"column":28},"end":{"line":31,"column":46}}},"7":{"name":"(anonymous_7)","line":33,"loc":{"start":{"line":33,"column":16},"end":{"line":33,"column":39}}},"8":{"name":"(anonymous_8)","line":39,"loc":{"start":{"line":39,"column":30},"end":{"line":39,"column":48}}},"9":{"name":"(anonymous_9)","line":41,"loc":{"start":{"line":41,"column":16},"end":{"line":41,"column":40}}},"10":{"name":"(anonymous_10)","line":47,"loc":{"start":{"line":47,"column":31},"end":{"line":47,"column":49}}},"11":{"name":"(anonymous_11)","line":49,"loc":{"start":{"line":49,"column":16},"end":{"line":49,"column":41}}}},"statementMap":{"1":{"start":{"line":2,"column":0},"end":{"line":2,"column":33}},"2":{"start":{"line":3,"column":0},"end":{"line":3,"column":30}},"3":{"start":{"line":4,"column":0},"end":{"line":4,"column":53}},"4":{"start":{"line":6,"column":0},"end":{"line":13,"column":3}},"5":{"start":{"line":7,"column":2},"end":{"line":12,"column":3}},"6":{"start":{"line":8,"column":4},"end":{"line":8,"column":36}},"7":{"start":{"line":11,"column":3},"end":{"line":11,"column":48}},"8":{"start":{"line":15,"column":0},"end":{"line":21,"column":3}},"9":{"start":{"line":16,"column":1},"end":{"line":16,"column":35}},"10":{"start":{"line":17,"column":1},"end":{"line":19,"column":3}},"11":{"start":{"line":18,"column":2},"end":{"line":18,"column":71}},"12":{"start":{"line":20,"column":1},"end":{"line":20,"column":55}},"13":{"start":{"line":23,"column":0},"end":{"line":29,"column":3}},"14":{"start":{"line":24,"column":1},"end":{"line":24,"column":31}},"15":{"start":{"line":25,"column":1},"end":{"line":27,"column":3}},"16":{"start":{"line":26,"column":2},"end":{"line":26,"column":71}},"17":{"start":{"line":28,"column":1},"end":{"line":28,"column":51}},"18":{"start":{"line":31,"column":0},"end":{"line":37,"column":3}},"19":{"start":{"line":32,"column":1},"end":{"line":32,"column":35}},"20":{"start":{"line":33,"column":1},"end":{"line":35,"column":3}},"21":{"start":{"line":34,"column":2},"end":{"line":34,"column":45}},"22":{"start":{"line":36,"column":1},"end":{"line":36,"column":47}},"23":{"start":{"line":39,"column":0},"end":{"line":45,"column":3}},"24":{"start":{"line":40,"column":1},"end":{"line":40,"column":35}},"25":{"start":{"line":41,"column":1},"end":{"line":43,"column":3}},"26":{"start":{"line":42,"column":2},"end":{"line":42,"column":47}},"27":{"start":{"line":44,"column":1},"end":{"line":44,"column":49}},"28":{"start":{"line":47,"column":0},"end":{"line":53,"column":3}},"29":{"start":{"line":48,"column":1},"end":{"line":48,"column":35}},"30":{"start":{"line":49,"column":1},"end":{"line":51,"column":3}},"31":{"start":{"line":50,"column":2},"end":{"line":50,"column":49}},"32":{"start":{"line":52,"column":1},"end":{"line":52,"column":50}},"33":{"start":{"line":55,"column":0},"end":{"line":55,"column":24}}},"branchMap":{"1":{"line":7,"type":"if","locations":[{"start":{"line":7,"column":2},"end":{"line":7,"column":2}},{"start":{"line":7,"column":2},"end":{"line":7,"column":2}}]}}},"/Users/yifanli/WebstormProjects/ESN-F16-SA8/models/searchDAO.js":{"path":"/Users/yifanli/WebstormProjects/ESN-F16-SA8/models/searchDAO.js","s":{"1":1,"2":1,"3":1,"4":1,"5":1,"6":1,"7":1,"8":3,"9":3,"10":3,"11":3,"12":3,"13":3,"14":1,"15":2,"16":3,"17":0,"18":3,"19":0,"20":3,"21":1,"22":2,"23":2,"24":2,"25":2,"26":3,"27":1,"28":2,"29":2,"30":0,"31":2,"32":0,"33":2,"34":1,"35":2,"36":2,"37":3,"38":3,"39":2,"40":2,"41":2,"42":2,"43":1,"44":2,"45":2,"46":2,"47":2,"48":2,"49":2,"50":2,"51":2,"52":1,"53":2,"54":2,"55":3,"56":3,"57":2,"58":2,"59":2,"60":2,"61":1},"b":{"1":[1,2],"2":[1,2]},"f":{"1":3,"2":3,"3":0,"4":0,"5":2,"6":2,"7":0,"8":0,"9":2,"10":2,"11":2,"12":2,"13":2,"14":2},"fnMap":{"1":{"name":"(anonymous_1)","line":10,"loc":{"start":{"line":10,"column":36},"end":{"line":10,"column":64}}},"2":{"name":"(anonymous_2)","line":12,"loc":{"start":{"line":12,"column":50},"end":{"line":12,"column":70}}},"3":{"name":"(anonymous_3)","line":23,"loc":{"start":{"line":23,"column":19},"end":{"line":23,"column":33}}},"4":{"name":"(anonymous_4)","line":26,"loc":{"start":{"line":26,"column":20},"end":{"line":26,"column":34}}},"5":{"name":"(anonymous_5)","line":33,"loc":{"start":{"line":33,"column":34},"end":{"line":33,"column":60}}},"6":{"name":"(anonymous_6)","line":34,"loc":{"start":{"line":34,"column":31},"end":{"line":34,"column":51}}},"7":{"name":"(anonymous_7)","line":45,"loc":{"start":{"line":45,"column":19},"end":{"line":45,"column":33}}},"8":{"name":"(anonymous_8)","line":48,"loc":{"start":{"line":48,"column":20},"end":{"line":48,"column":34}}},"9":{"name":"(anonymous_9)","line":55,"loc":{"start":{"line":55,"column":31},"end":{"line":55,"column":55}}},"10":{"name":"(anonymous_10)","line":64,"loc":{"start":{"line":64,"column":12},"end":{"line":64,"column":29}}},"11":{"name":"(anonymous_11)","line":69,"loc":{"start":{"line":69,"column":33},"end":{"line":69,"column":58}}},"12":{"name":"(anonymous_12)","line":77,"loc":{"start":{"line":77,"column":12},"end":{"line":77,"column":29}}},"13":{"name":"(anonymous_13)","line":82,"loc":{"start":{"line":82,"column":34},"end":{"line":82,"column":59}}},"14":{"name":"(anonymous_14)","line":90,"loc":{"start":{"line":90,"column":12},"end":{"line":90,"column":29}}}},"statementMap":{"1":{"start":{"line":2,"column":0},"end":{"line":2,"column":61}},"2":{"start":{"line":3,"column":0},"end":{"line":3,"column":44}},"3":{"start":{"line":4,"column":0},"end":{"line":4,"column":60}},"4":{"start":{"line":5,"column":0},"end":{"line":5,"column":58}},"5":{"start":{"line":6,"column":0},"end":{"line":6,"column":62}},"6":{"start":{"line":8,"column":0},"end":{"line":8,"column":19}},"7":{"start":{"line":10,"column":0},"end":{"line":31,"column":2}},"8":{"start":{"line":11,"column":1},"end":{"line":11,"column":47}},"9":{"start":{"line":12,"column":1},"end":{"line":30,"column":4}},"10":{"start":{"line":13,"column":2},"end":{"line":13,"column":23}},"11":{"start":{"line":14,"column":2},"end":{"line":14,"column":24}},"12":{"start":{"line":15,"column":2},"end":{"line":22,"column":3}},"13":{"start":{"line":16,"column":3},"end":{"line":21,"column":4}},"14":{"start":{"line":17,"column":4},"end":{"line":17,"column":31}},"15":{"start":{"line":20,"column":4},"end":{"line":20,"column":32}},"16":{"start":{"line":23,"column":2},"end":{"line":25,"column":5}},"17":{"start":{"line":24,"column":3},"end":{"line":24,"column":34}},"18":{"start":{"line":26,"column":2},"end":{"line":28,"column":5}},"19":{"start":{"line":27,"column":3},"end":{"line":27,"column":34}},"20":{"start":{"line":29,"column":2},"end":{"line":29,"column":38}},"21":{"start":{"line":33,"column":0},"end":{"line":53,"column":2}},"22":{"start":{"line":34,"column":1},"end":{"line":52,"column":4}},"23":{"start":{"line":35,"column":2},"end":{"line":35,"column":23}},"24":{"start":{"line":36,"column":2},"end":{"line":36,"column":24}},"25":{"start":{"line":37,"column":2},"end":{"line":44,"column":3}},"26":{"start":{"line":38,"column":3},"end":{"line":43,"column":4}},"27":{"start":{"line":39,"column":4},"end":{"line":39,"column":31}},"28":{"start":{"line":42,"column":4},"end":{"line":42,"column":32}},"29":{"start":{"line":45,"column":2},"end":{"line":47,"column":5}},"30":{"start":{"line":46,"column":3},"end":{"line":46,"column":34}},"31":{"start":{"line":48,"column":2},"end":{"line":50,"column":5}},"32":{"start":{"line":49,"column":3},"end":{"line":49,"column":34}},"33":{"start":{"line":51,"column":2},"end":{"line":51,"column":38}},"34":{"start":{"line":55,"column":0},"end":{"line":67,"column":2}},"35":{"start":{"line":56,"column":1},"end":{"line":56,"column":16}},"36":{"start":{"line":57,"column":1},"end":{"line":60,"column":2}},"37":{"start":{"line":58,"column":2},"end":{"line":58,"column":24}},"38":{"start":{"line":59,"column":2},"end":{"line":59,"column":95}},"39":{"start":{"line":61,"column":1},"end":{"line":61,"column":44}},"40":{"start":{"line":63,"column":1},"end":{"line":63,"column":25}},"41":{"start":{"line":64,"column":1},"end":{"line":66,"column":4}},"42":{"start":{"line":65,"column":2},"end":{"line":65,"column":15}},"43":{"start":{"line":69,"column":0},"end":{"line":80,"column":2}},"44":{"start":{"line":70,"column":1},"end":{"line":70,"column":16}},"45":{"start":{"line":71,"column":1},"end":{"line":74,"column":2}},"46":{"start":{"line":72,"column":2},"end":{"line":72,"column":24}},"47":{"start":{"line":73,"column":2},"end":{"line":73,"column":95}},"48":{"start":{"line":75,"column":1},"end":{"line":75,"column":43}},"49":{"start":{"line":76,"column":1},"end":{"line":76,"column":25}},"50":{"start":{"line":77,"column":1},"end":{"line":79,"column":4}},"51":{"start":{"line":78,"column":2},"end":{"line":78,"column":15}},"52":{"start":{"line":82,"column":0},"end":{"line":93,"column":2}},"53":{"start":{"line":83,"column":1},"end":{"line":83,"column":16}},"54":{"start":{"line":84,"column":1},"end":{"line":87,"column":2}},"55":{"start":{"line":85,"column":2},"end":{"line":85,"column":24}},"56":{"start":{"line":86,"column":2},"end":{"line":86,"column":95}},"57":{"start":{"line":88,"column":1},"end":{"line":88,"column":45}},"58":{"start":{"line":89,"column":1},"end":{"line":89,"column":25}},"59":{"start":{"line":90,"column":1},"end":{"line":92,"column":4}},"60":{"start":{"line":91,"column":2},"end":{"line":91,"column":15}},"61":{"start":{"line":95,"column":0},"end":{"line":95,"column":27}}},"branchMap":{"1":{"line":16,"type":"if","locations":[{"start":{"line":16,"column":3},"end":{"line":16,"column":3}},{"start":{"line":16,"column":3},"end":{"line":16,"column":3}}]},"2":{"line":38,"type":"if","locations":[{"start":{"line":38,"column":3},"end":{"line":38,"column":3}},{"start":{"line":38,"column":3},"end":{"line":38,"column":3}}]}}},"/Users/yifanli/WebstormProjects/ESN-F16-SA8/models/userOnlineInfo.js":{"path":"/Users/yifanli/WebstormProjects/ESN-F16-SA8/models/userOnlineInfo.js","s":{"1":1,"2":1,"3":1,"4":1,"5":1,"6":0,"7":0,"8":1,"9":9,"10":1,"11":1,"12":1,"13":0,"14":0,"15":0,"16":0,"17":0,"18":0,"19":1,"20":0,"21":0,"22":0,"23":0,"24":0,"25":0,"26":1},"b":{"1":[0,0],"2":[0,0]},"f":{"1":1,"2":9,"3":1,"4":0,"5":0},"fnMap":{"1":{"name":"(anonymous_1)","line":6,"loc":{"start":{"line":6,"column":14},"end":{"line":6,"column":33}}},"2":{"name":"(anonymous_2)","line":13,"loc":{"start":{"line":13,"column":14},"end":{"line":13,"column":33}}},"3":{"name":"(anonymous_3)","line":16,"loc":{"start":{"line":16,"column":16},"end":{"line":16,"column":35}}},"4":{"name":"(anonymous_4)","line":20,"loc":{"start":{"line":20,"column":21},"end":{"line":20,"column":32}}},"5":{"name":"(anonymous_5)","line":31,"loc":{"start":{"line":31,"column":22},"end":{"line":31,"column":33}}}},"statementMap":{"1":{"start":{"line":1,"column":0},"end":{"line":1,"column":44}},"2":{"start":{"line":2,"column":0},"end":{"line":2,"column":15}},"3":{"start":{"line":4,"column":0},"end":{"line":4,"column":20}},"4":{"start":{"line":6,"column":0},"end":{"line":11,"column":3}},"5":{"start":{"line":7,"column":4},"end":{"line":10,"column":5}},"6":{"start":{"line":8,"column":8},"end":{"line":8,"column":40}},"7":{"start":{"line":9,"column":8},"end":{"line":9,"column":45}},"8":{"start":{"line":13,"column":0},"end":{"line":15,"column":2}},"9":{"start":{"line":14,"column":4},"end":{"line":14,"column":39}},"10":{"start":{"line":16,"column":0},"end":{"line":18,"column":2}},"11":{"start":{"line":17,"column":4},"end":{"line":17,"column":40}},"12":{"start":{"line":20,"column":0},"end":{"line":29,"column":2}},"13":{"start":{"line":21,"column":4},"end":{"line":21,"column":25}},"14":{"start":{"line":22,"column":4},"end":{"line":26,"column":5}},"15":{"start":{"line":23,"column":8},"end":{"line":25,"column":9}},"16":{"start":{"line":24,"column":12},"end":{"line":24,"column":39}},"17":{"start":{"line":27,"column":4},"end":{"line":27,"column":23}},"18":{"start":{"line":28,"column":4},"end":{"line":28,"column":23}},"19":{"start":{"line":31,"column":0},"end":{"line":40,"column":2}},"20":{"start":{"line":32,"column":4},"end":{"line":32,"column":26}},"21":{"start":{"line":33,"column":4},"end":{"line":37,"column":5}},"22":{"start":{"line":34,"column":8},"end":{"line":36,"column":9}},"23":{"start":{"line":35,"column":12},"end":{"line":35,"column":40}},"24":{"start":{"line":38,"column":4},"end":{"line":38,"column":24}},"25":{"start":{"line":39,"column":4},"end":{"line":39,"column":24}},"26":{"start":{"line":42,"column":0},"end":{"line":42,"column":23}}},"branchMap":{"1":{"line":23,"type":"if","locations":[{"start":{"line":23,"column":8},"end":{"line":23,"column":8}},{"start":{"line":23,"column":8},"end":{"line":23,"column":8}}]},"2":{"line":34,"type":"if","locations":[{"start":{"line":34,"column":8},"end":{"line":34,"column":8}},{"start":{"line":34,"column":8},"end":{"line":34,"column":8}}]}}},"/Users/yifanli/WebstormProjects/ESN-F16-SA8/controllers/administrator_profile/admin.js":{"path":"/Users/yifanli/WebstormProjects/ESN-F16-SA8/controllers/administrator_profile/admin.js","s":{"1":1,"2":1,"3":1,"4":1,"5":1,"6":2,"7":2,"8":2,"9":1,"10":1,"11":1,"12":0,"13":0,"14":0,"15":1,"16":1,"17":1,"18":1,"19":0,"20":0,"21":0,"22":0,"23":0,"24":0,"25":0,"26":0,"27":0,"28":0,"29":0,"30":0,"31":0,"32":1,"33":3,"34":3,"35":3,"36":3,"37":3,"38":3,"39":1,"40":1,"41":1,"42":1,"43":2,"44":2,"45":1,"46":1,"47":1,"48":1,"49":1,"50":1,"51":1,"52":1},"b":{"1":[2,0],"2":[1,1],"3":[0,0],"4":[0,0],"5":[0,0],"6":[1,2],"7":[1,1]},"f":{"1":2,"2":2,"3":0,"4":1,"5":1,"6":0,"7":0,"8":0,"9":3,"10":2},"fnMap":{"1":{"name":"(anonymous_1)","line":7,"loc":{"start":{"line":7,"column":16},"end":{"line":7,"column":45}}},"2":{"name":"(anonymous_2)","line":8,"loc":{"start":{"line":8,"column":32},"end":{"line":8,"column":52}}},"3":{"name":"(anonymous_3)","line":19,"loc":{"start":{"line":19,"column":16},"end":{"line":19,"column":36}}},"4":{"name":"(anonymous_4)","line":27,"loc":{"start":{"line":27,"column":24},"end":{"line":27,"column":44}}},"5":{"name":"(anonymous_5)","line":28,"loc":{"start":{"line":28,"column":26},"end":{"line":28,"column":45}}},"6":{"name":"(anonymous_6)","line":33,"loc":{"start":{"line":33,"column":24},"end":{"line":33,"column":44}}},"7":{"name":"(anonymous_7)","line":36,"loc":{"start":{"line":36,"column":36},"end":{"line":36,"column":59}}},"8":{"name":"(anonymous_8)","line":41,"loc":{"start":{"line":41,"column":40},"end":{"line":41,"column":60}}},"9":{"name":"(anonymous_9)","line":55,"loc":{"start":{"line":55,"column":31},"end":{"line":55,"column":50}}},"10":{"name":"(anonymous_10)","line":67,"loc":{"start":{"line":67,"column":31},"end":{"line":67,"column":47}}}},"statementMap":{"1":{"start":{"line":2,"column":0},"end":{"line":2,"column":33}},"2":{"start":{"line":3,"column":0},"end":{"line":3,"column":30}},"3":{"start":{"line":4,"column":0},"end":{"line":4,"column":48}},"4":{"start":{"line":5,"column":0},"end":{"line":5,"column":56}},"5":{"start":{"line":7,"column":0},"end":{"line":17,"column":2}},"6":{"start":{"line":8,"column":4},"end":{"line":16,"column":7}},"7":{"start":{"line":9,"column":8},"end":{"line":15,"column":9}},"8":{"start":{"line":10,"column":12},"end":{"line":14,"column":13}},"9":{"start":{"line":11,"column":16},"end":{"line":11,"column":32}},"10":{"start":{"line":13,"column":16},"end":{"line":13,"column":31}},"11":{"start":{"line":19,"column":0},"end":{"line":25,"column":3}},"12":{"start":{"line":20,"column":4},"end":{"line":24,"column":5}},"13":{"start":{"line":21,"column":8},"end":{"line":21,"column":28}},"14":{"start":{"line":23,"column":8},"end":{"line":23,"column":53}},"15":{"start":{"line":27,"column":0},"end":{"line":31,"column":3}},"16":{"start":{"line":28,"column":4},"end":{"line":30,"column":7}},"17":{"start":{"line":29,"column":8},"end":{"line":29,"column":41}},"18":{"start":{"line":33,"column":0},"end":{"line":53,"column":3}},"19":{"start":{"line":34,"column":4},"end":{"line":34,"column":38}},"20":{"start":{"line":35,"column":4},"end":{"line":35,"column":18}},"21":{"start":{"line":36,"column":4},"end":{"line":52,"column":7}},"22":{"start":{"line":37,"column":8},"end":{"line":51,"column":9}},"23":{"start":{"line":38,"column":12},"end":{"line":38,"column":50}},"24":{"start":{"line":39,"column":12},"end":{"line":39,"column":52}},"25":{"start":{"line":40,"column":12},"end":{"line":40,"column":60}},"26":{"start":{"line":41,"column":12},"end":{"line":48,"column":15}},"27":{"start":{"line":42,"column":16},"end":{"line":42,"column":50}},"28":{"start":{"line":43,"column":16},"end":{"line":47,"column":17}},"29":{"start":{"line":44,"column":20},"end":{"line":44,"column":57}},"30":{"start":{"line":46,"column":20},"end":{"line":46,"column":40}},"31":{"start":{"line":50,"column":12},"end":{"line":50,"column":32}},"32":{"start":{"line":55,"column":0},"end":{"line":80,"column":3}},"33":{"start":{"line":56,"column":4},"end":{"line":56,"column":43}},"34":{"start":{"line":57,"column":4},"end":{"line":57,"column":43}},"35":{"start":{"line":58,"column":4},"end":{"line":58,"column":37}},"36":{"start":{"line":59,"column":4},"end":{"line":59,"column":39}},"37":{"start":{"line":60,"column":4},"end":{"line":60,"column":47}},"38":{"start":{"line":61,"column":4},"end":{"line":79,"column":5}},"39":{"start":{"line":62,"column":8},"end":{"line":62,"column":51}},"40":{"start":{"line":63,"column":8},"end":{"line":63,"column":62}},"41":{"start":{"line":64,"column":8},"end":{"line":64,"column":70}},"42":{"start":{"line":65,"column":8},"end":{"line":65,"column":33}},"43":{"start":{"line":67,"column":8},"end":{"line":78,"column":10}},"44":{"start":{"line":68,"column":12},"end":{"line":77,"column":13}},"45":{"start":{"line":69,"column":16},"end":{"line":69,"column":41}},"46":{"start":{"line":71,"column":16},"end":{"line":71,"column":67}},"47":{"start":{"line":72,"column":16},"end":{"line":72,"column":59}},"48":{"start":{"line":73,"column":16},"end":{"line":73,"column":71}},"49":{"start":{"line":74,"column":16},"end":{"line":74,"column":70}},"50":{"start":{"line":75,"column":16},"end":{"line":75,"column":78}},"51":{"start":{"line":76,"column":16},"end":{"line":76,"column":41}},"52":{"start":{"line":82,"column":0},"end":{"line":82,"column":24}}},"branchMap":{"1":{"line":9,"type":"if","locations":[{"start":{"line":9,"column":8},"end":{"line":9,"column":8}},{"start":{"line":9,"column":8},"end":{"line":9,"column":8}}]},"2":{"line":10,"type":"if","locations":[{"start":{"line":10,"column":12},"end":{"line":10,"column":12}},{"start":{"line":10,"column":12},"end":{"line":10,"column":12}}]},"3":{"line":20,"type":"if","locations":[{"start":{"line":20,"column":4},"end":{"line":20,"column":4}},{"start":{"line":20,"column":4},"end":{"line":20,"column":4}}]},"4":{"line":37,"type":"if","locations":[{"start":{"line":37,"column":8},"end":{"line":37,"column":8}},{"start":{"line":37,"column":8},"end":{"line":37,"column":8}}]},"5":{"line":43,"type":"if","locations":[{"start":{"line":43,"column":16},"end":{"line":43,"column":16}},{"start":{"line":43,"column":16},"end":{"line":43,"column":16}}]},"6":{"line":61,"type":"if","locations":[{"start":{"line":61,"column":4},"end":{"line":61,"column":4}},{"start":{"line":61,"column":4},"end":{"line":61,"column":4}}]},"7":{"line":68,"type":"if","locations":[{"start":{"line":68,"column":12},"end":{"line":68,"column":12}},{"start":{"line":68,"column":12},"end":{"line":68,"column":12}}]}}},"/Users/yifanli/WebstormProjects/ESN-F16-SA8/models/user.js":{"path":"/Users/yifanli/WebstormProjects/ESN-F16-SA8/models/user.js","s":{"1":1,"2":1,"3":1,"4":1,"5":1,"6":0,"7":1,"8":1,"9":1,"10":1,"11":0,"12":1,"13":1,"14":1,"15":0,"16":1,"17":1,"18":1,"19":1,"20":1,"21":1,"22":1,"23":0,"24":1,"25":0,"26":1,"27":2,"28":2,"29":2,"30":2,"31":2,"32":0,"33":2,"34":0,"35":1,"36":4,"37":4,"38":4,"39":4,"40":0,"41":4,"42":4,"43":1,"44":1,"45":1,"46":1,"47":0,"48":1,"49":1,"50":1,"51":1,"52":1,"53":1,"54":1,"55":1,"56":1,"57":1,"58":0,"59":1,"60":1,"61":1},"b":{"1":[0,1],"2":[0,1],"3":[1,0],"4":[0,1],"5":[0,1],"6":[0,2],"7":[0,2],"8":[0,4],"9":[4,0],"10":[0,1],"11":[1,0],"12":[0,1],"13":[1,0]},"f":{"1":1,"2":1,"3":1,"4":1,"5":1,"6":1,"7":2,"8":2,"9":4,"10":4,"11":1,"12":1,"13":1,"14":1},"fnMap":{"1":{"name":"(anonymous_1)","line":3,"loc":{"start":{"line":3,"column":21},"end":{"line":3,"column":48}}},"2":{"name":"(anonymous_2)","line":5,"loc":{"start":{"line":5,"column":69},"end":{"line":5,"column":88}}},"3":{"name":"(anonymous_3)","line":12,"loc":{"start":{"line":12,"column":21},"end":{"line":12,"column":50}}},"4":{"name":"(anonymous_4)","line":14,"loc":{"start":{"line":14,"column":43},"end":{"line":14,"column":66}}},"5":{"name":"(anonymous_5)","line":31,"loc":{"start":{"line":31,"column":22},"end":{"line":31,"column":67}}},"6":{"name":"(anonymous_6)","line":37,"loc":{"start":{"line":37,"column":15},"end":{"line":37,"column":34}}},"7":{"name":"(anonymous_7)","line":48,"loc":{"start":{"line":48,"column":17},"end":{"line":48,"column":51}}},"8":{"name":"(anonymous_8)","line":54,"loc":{"start":{"line":54,"column":15},"end":{"line":54,"column":34}}},"9":{"name":"(anonymous_9)","line":66,"loc":{"start":{"line":66,"column":15},"end":{"line":66,"column":44}}},"10":{"name":"(anonymous_10)","line":69,"loc":{"start":{"line":69,"column":15},"end":{"line":69,"column":33}}},"11":{"name":"(anonymous_11)","line":80,"loc":{"start":{"line":80,"column":19},"end":{"line":80,"column":38}}},"12":{"name":"(anonymous_12)","line":82,"loc":{"start":{"line":82,"column":74},"end":{"line":82,"column":92}}},"13":{"name":"(anonymous_13)","line":99,"loc":{"start":{"line":99,"column":21},"end":{"line":99,"column":68}}},"14":{"name":"(anonymous_14)","line":105,"loc":{"start":{"line":105,"column":7},"end":{"line":105,"column":26}}}},"statementMap":{"1":{"start":{"line":1,"column":0},"end":{"line":1,"column":14}},"2":{"start":{"line":3,"column":0},"end":{"line":10,"column":2}},"3":{"start":{"line":4,"column":4},"end":{"line":4,"column":49}},"4":{"start":{"line":5,"column":4},"end":{"line":9,"column":7}},"5":{"start":{"line":6,"column":8},"end":{"line":8,"column":9}},"6":{"start":{"line":7,"column":12},"end":{"line":7,"column":29}},"7":{"start":{"line":12,"column":0},"end":{"line":27,"column":2}},"8":{"start":{"line":13,"column":4},"end":{"line":13,"column":49}},"9":{"start":{"line":14,"column":4},"end":{"line":26,"column":7}},"10":{"start":{"line":15,"column":8},"end":{"line":25,"column":9}},"11":{"start":{"line":16,"column":12},"end":{"line":16,"column":29}},"12":{"start":{"line":18,"column":12},"end":{"line":18,"column":23}},"13":{"start":{"line":19,"column":12},"end":{"line":23,"column":13}},"14":{"start":{"line":20,"column":16},"end":{"line":20,"column":40}},"15":{"start":{"line":22,"column":16},"end":{"line":22,"column":38}},"16":{"start":{"line":24,"column":12},"end":{"line":24,"column":29}},"17":{"start":{"line":31,"column":0},"end":{"line":46,"column":2}},"18":{"start":{"line":32,"column":4},"end":{"line":32,"column":49}},"19":{"start":{"line":33,"column":4},"end":{"line":35,"column":34}},"20":{"start":{"line":36,"column":4},"end":{"line":36,"column":58}},"21":{"start":{"line":37,"column":4},"end":{"line":45,"column":7}},"22":{"start":{"line":38,"column":8},"end":{"line":44,"column":9}},"23":{"start":{"line":39,"column":12},"end":{"line":39,"column":29}},"24":{"start":{"line":41,"column":12},"end":{"line":43,"column":13}},"25":{"start":{"line":42,"column":16},"end":{"line":42,"column":27}},"26":{"start":{"line":48,"column":0},"end":{"line":63,"column":2}},"27":{"start":{"line":49,"column":4},"end":{"line":49,"column":49}},"28":{"start":{"line":50,"column":4},"end":{"line":52,"column":34}},"29":{"start":{"line":53,"column":4},"end":{"line":53,"column":58}},"30":{"start":{"line":54,"column":4},"end":{"line":62,"column":7}},"31":{"start":{"line":55,"column":8},"end":{"line":61,"column":9}},"32":{"start":{"line":56,"column":12},"end":{"line":56,"column":29}},"33":{"start":{"line":58,"column":12},"end":{"line":60,"column":13}},"34":{"start":{"line":59,"column":16},"end":{"line":59,"column":27}},"35":{"start":{"line":66,"column":0},"end":{"line":78,"column":2}},"36":{"start":{"line":67,"column":4},"end":{"line":67,"column":49}},"37":{"start":{"line":68,"column":4},"end":{"line":68,"column":52}},"38":{"start":{"line":69,"column":4},"end":{"line":77,"column":7}},"39":{"start":{"line":70,"column":8},"end":{"line":76,"column":9}},"40":{"start":{"line":71,"column":12},"end":{"line":71,"column":29}},"41":{"start":{"line":73,"column":12},"end":{"line":75,"column":13}},"42":{"start":{"line":74,"column":16},"end":{"line":74,"column":29}},"43":{"start":{"line":80,"column":0},"end":{"line":96,"column":2}},"44":{"start":{"line":81,"column":4},"end":{"line":81,"column":49}},"45":{"start":{"line":82,"column":4},"end":{"line":95,"column":7}},"46":{"start":{"line":83,"column":8},"end":{"line":94,"column":9}},"47":{"start":{"line":84,"column":12},"end":{"line":84,"column":29}},"48":{"start":{"line":86,"column":12},"end":{"line":93,"column":13}},"49":{"start":{"line":87,"column":16},"end":{"line":87,"column":29}},"50":{"start":{"line":88,"column":16},"end":{"line":88,"column":36}},"51":{"start":{"line":89,"column":16},"end":{"line":91,"column":17}},"52":{"start":{"line":90,"column":20},"end":{"line":90,"column":45}},"53":{"start":{"line":92,"column":16},"end":{"line":92,"column":30}},"54":{"start":{"line":99,"column":0},"end":{"line":114,"column":2}},"55":{"start":{"line":100,"column":4},"end":{"line":100,"column":49}},"56":{"start":{"line":101,"column":4},"end":{"line":113,"column":7}},"57":{"start":{"line":106,"column":8},"end":{"line":112,"column":9}},"58":{"start":{"line":107,"column":12},"end":{"line":107,"column":29}},"59":{"start":{"line":109,"column":12},"end":{"line":111,"column":13}},"60":{"start":{"line":110,"column":16},"end":{"line":110,"column":30}},"61":{"start":{"line":116,"column":0},"end":{"line":116,"column":22}}},"branchMap":{"1":{"line":6,"type":"if","locations":[{"start":{"line":6,"column":8},"end":{"line":6,"column":8}},{"start":{"line":6,"column":8},"end":{"line":6,"column":8}}]},"2":{"line":15,"type":"if","locations":[{"start":{"line":15,"column":8},"end":{"line":15,"column":8}},{"start":{"line":15,"column":8},"end":{"line":15,"column":8}}]},"3":{"line":19,"type":"if","locations":[{"start":{"line":19,"column":12},"end":{"line":19,"column":12}},{"start":{"line":19,"column":12},"end":{"line":19,"column":12}}]},"4":{"line":38,"type":"if","locations":[{"start":{"line":38,"column":8},"end":{"line":38,"column":8}},{"start":{"line":38,"column":8},"end":{"line":38,"column":8}}]},"5":{"line":41,"type":"if","locations":[{"start":{"line":41,"column":12},"end":{"line":41,"column":12}},{"start":{"line":41,"column":12},"end":{"line":41,"column":12}}]},"6":{"line":55,"type":"if","locations":[{"start":{"line":55,"column":8},"end":{"line":55,"column":8}},{"start":{"line":55,"column":8},"end":{"line":55,"column":8}}]},"7":{"line":58,"type":"if","locations":[{"start":{"line":58,"column":12},"end":{"line":58,"column":12}},{"start":{"line":58,"column":12},"end":{"line":58,"column":12}}]},"8":{"line":70,"type":"if","locations":[{"start":{"line":70,"column":8},"end":{"line":70,"column":8}},{"start":{"line":70,"column":8},"end":{"line":70,"column":8}}]},"9":{"line":73,"type":"if","locations":[{"start":{"line":73,"column":12},"end":{"line":73,"column":12}},{"start":{"line":73,"column":12},"end":{"line":73,"column":12}}]},"10":{"line":83,"type":"if","locations":[{"start":{"line":83,"column":8},"end":{"line":83,"column":8}},{"start":{"line":83,"column":8},"end":{"line":83,"column":8}}]},"11":{"line":86,"type":"if","locations":[{"start":{"line":86,"column":12},"end":{"line":86,"column":12}},{"start":{"line":86,"column":12},"end":{"line":86,"column":12}}]},"12":{"line":106,"type":"if","locations":[{"start":{"line":106,"column":8},"end":{"line":106,"column":8}},{"start":{"line":106,"column":8},"end":{"line":106,"column":8}}]},"13":{"line":109,"type":"if","locations":[{"start":{"line":109,"column":12},"end":{"line":109,"column":12}},{"start":{"line":109,"column":12},"end":{"line":109,"column":12}}]}}},"/Users/yifanli/WebstormProjects/ESN-F16-SA8/models/userRole.js":{"path":"/Users/yifanli/WebstormProjects/ESN-F16-SA8/models/userRole.js","s":{"1":1,"2":1,"3":1,"4":1,"5":1,"6":1,"7":0,"8":1,"9":1,"10":1,"11":2,"12":1,"13":2,"14":1},"b":{},"f":{"1":1,"2":0,"3":1,"4":2,"5":2},"fnMap":{"1":{"name":"(anonymous_1)","line":3,"loc":{"start":{"line":3,"column":25},"end":{"line":3,"column":80}}},"2":{"name":"(anonymous_2)","line":12,"loc":{"start":{"line":12,"column":19},"end":{"line":12,"column":48}}},"3":{"name":"(anonymous_3)","line":16,"loc":{"start":{"line":16,"column":26},"end":{"line":16,"column":71}}},"4":{"name":"(anonymous_4)","line":20,"loc":{"start":{"line":20,"column":31},"end":{"line":20,"column":71}}},"5":{"name":"(anonymous_5)","line":24,"loc":{"start":{"line":24,"column":27},"end":{"line":24,"column":67}}}},"statementMap":{"1":{"start":{"line":1,"column":0},"end":{"line":1,"column":18}},"2":{"start":{"line":2,"column":0},"end":{"line":2,"column":35}},"3":{"start":{"line":3,"column":0},"end":{"line":10,"column":2}},"4":{"start":{"line":4,"column":4},"end":{"line":8,"column":6}},"5":{"start":{"line":9,"column":4},"end":{"line":9,"column":37}},"6":{"start":{"line":12,"column":0},"end":{"line":14,"column":2}},"7":{"start":{"line":13,"column":4},"end":{"line":13,"column":40}},"8":{"start":{"line":16,"column":0},"end":{"line":18,"column":2}},"9":{"start":{"line":17,"column":4},"end":{"line":17,"column":67}},"10":{"start":{"line":20,"column":0},"end":{"line":22,"column":2}},"11":{"start":{"line":21,"column":4},"end":{"line":21,"column":67}},"12":{"start":{"line":24,"column":0},"end":{"line":26,"column":2}},"13":{"start":{"line":25,"column":4},"end":{"line":25,"column":63}},"14":{"start":{"line":28,"column":0},"end":{"line":28,"column":26}}},"branchMap":{}},"/Users/yifanli/WebstormProjects/ESN-F16-SA8/database/db.js":{"path":"/Users/yifanli/WebstormProjects/ESN-F16-SA8/database/db.js","s":{"1":1,"2":1,"3":1,"4":1,"5":1,"6":1,"7":1,"8":1,"9":1},"b":{},"f":{},"fnMap":{},"statementMap":{"1":{"start":{"line":1,"column":0},"end":{"line":1,"column":12}},"2":{"start":{"line":2,"column":0},"end":{"line":2,"column":17}},"3":{"start":{"line":3,"column":0},"end":{"line":3,"column":44}},"4":{"start":{"line":4,"column":0},"end":{"line":4,"column":35}},"5":{"start":{"line":5,"column":0},"end":{"line":5,"column":33}},"6":{"start":{"line":6,"column":0},"end":{"line":6,"column":55}},"7":{"start":{"line":7,"column":0},"end":{"line":7,"column":65}},"8":{"start":{"line":8,"column":0},"end":{"line":8,"column":57}},"9":{"start":{"line":11,"column":0},"end":{"line":11,"column":20}}},"branchMap":{}},"/Users/yifanli/WebstormProjects/ESN-F16-SA8/database/dbUserRole.js":{"path":"/Users/yifanli/WebstormProjects/ESN-F16-SA8/database/dbUserRole.js","s":{"1":1,"2":1,"3":1,"4":1,"5":0,"6":1,"7":1,"8":1,"9":0,"10":0,"11":0,"12":0,"13":0,"14":0,"15":0,"16":1,"17":1,"18":1,"19":1,"20":1,"21":1,"22":0,"23":1,"24":0,"25":1,"26":2,"27":2,"28":2,"29":2,"30":2,"31":0,"32":2,"33":0,"34":1,"35":2,"36":2,"37":2,"38":2,"39":2,"40":0,"41":2,"42":0},"b":{"1":[0,1],"2":[1,0],"3":[0,0],"4":[0,0],"5":[0,1],"6":[0,1],"7":[0,2],"8":[0,2],"9":[0,2],"10":[0,2]},"f":{"1":1,"2":1,"3":0,"4":0,"5":1,"6":1,"7":2,"8":2,"9":2,"10":2},"fnMap":{"1":{"name":"(anonymous_1)","line":1,"loc":{"start":{"line":1,"column":22},"end":{"line":1,"column":47}}},"2":{"name":"(anonymous_2)","line":3,"loc":{"start":{"line":3,"column":31},"end":{"line":3,"column":51}}},"3":{"name":"(anonymous_3)","line":14,"loc":{"start":{"line":14,"column":21},"end":{"line":14,"column":50}}},"4":{"name":"(anonymous_4)","line":17,"loc":{"start":{"line":17,"column":15},"end":{"line":17,"column":35}}},"5":{"name":"(anonymous_5)","line":28,"loc":{"start":{"line":28,"column":32},"end":{"line":28,"column":77}}},"6":{"name":"(anonymous_6)","line":34,"loc":{"start":{"line":34,"column":15},"end":{"line":34,"column":34}}},"7":{"name":"(anonymous_7)","line":45,"loc":{"start":{"line":45,"column":37},"end":{"line":45,"column":77}}},"8":{"name":"(anonymous_8)","line":51,"loc":{"start":{"line":51,"column":15},"end":{"line":51,"column":34}}},"9":{"name":"(anonymous_9)","line":63,"loc":{"start":{"line":63,"column":33},"end":{"line":63,"column":73}}},"10":{"name":"(anonymous_10)","line":69,"loc":{"start":{"line":69,"column":15},"end":{"line":69,"column":34}}}},"statementMap":{"1":{"start":{"line":1,"column":0},"end":{"line":12,"column":2}},"2":{"start":{"line":2,"column":4},"end":{"line":2,"column":61}},"3":{"start":{"line":3,"column":4},"end":{"line":11,"column":7}},"4":{"start":{"line":4,"column":8},"end":{"line":10,"column":9}},"5":{"start":{"line":5,"column":12},"end":{"line":5,"column":29}},"6":{"start":{"line":7,"column":12},"end":{"line":9,"column":13}},"7":{"start":{"line":8,"column":16},"end":{"line":8,"column":27}},"8":{"start":{"line":14,"column":0},"end":{"line":26,"column":2}},"9":{"start":{"line":15,"column":4},"end":{"line":15,"column":61}},"10":{"start":{"line":16,"column":4},"end":{"line":16,"column":62}},"11":{"start":{"line":17,"column":4},"end":{"line":25,"column":7}},"12":{"start":{"line":18,"column":8},"end":{"line":24,"column":9}},"13":{"start":{"line":19,"column":12},"end":{"line":19,"column":29}},"14":{"start":{"line":21,"column":12},"end":{"line":23,"column":13}},"15":{"start":{"line":22,"column":16},"end":{"line":22,"column":31}},"16":{"start":{"line":28,"column":0},"end":{"line":43,"column":2}},"17":{"start":{"line":29,"column":4},"end":{"line":29,"column":61}},"18":{"start":{"line":30,"column":4},"end":{"line":32,"column":33}},"19":{"start":{"line":33,"column":4},"end":{"line":33,"column":66}},"20":{"start":{"line":34,"column":4},"end":{"line":42,"column":7}},"21":{"start":{"line":35,"column":8},"end":{"line":41,"column":9}},"22":{"start":{"line":36,"column":12},"end":{"line":36,"column":29}},"23":{"start":{"line":38,"column":12},"end":{"line":40,"column":13}},"24":{"start":{"line":39,"column":16},"end":{"line":39,"column":27}},"25":{"start":{"line":45,"column":0},"end":{"line":60,"column":2}},"26":{"start":{"line":46,"column":4},"end":{"line":46,"column":61}},"27":{"start":{"line":47,"column":4},"end":{"line":49,"column":32}},"28":{"start":{"line":50,"column":4},"end":{"line":50,"column":66}},"29":{"start":{"line":51,"column":4},"end":{"line":59,"column":7}},"30":{"start":{"line":52,"column":8},"end":{"line":58,"column":9}},"31":{"start":{"line":53,"column":12},"end":{"line":53,"column":29}},"32":{"start":{"line":55,"column":12},"end":{"line":57,"column":13}},"33":{"start":{"line":56,"column":16},"end":{"line":56,"column":27}},"34":{"start":{"line":63,"column":0},"end":{"line":78,"column":2}},"35":{"start":{"line":64,"column":4},"end":{"line":64,"column":61}},"36":{"start":{"line":65,"column":4},"end":{"line":67,"column":32}},"37":{"start":{"line":68,"column":4},"end":{"line":68,"column":66}},"38":{"start":{"line":69,"column":4},"end":{"line":77,"column":7}},"39":{"start":{"line":70,"column":8},"end":{"line":76,"column":9}},"40":{"start":{"line":71,"column":12},"end":{"line":71,"column":29}},"41":{"start":{"line":73,"column":12},"end":{"line":75,"column":13}},"42":{"start":{"line":74,"column":16},"end":{"line":74,"column":27}}},"branchMap":{"1":{"line":4,"type":"if","locations":[{"start":{"line":4,"column":8},"end":{"line":4,"column":8}},{"start":{"line":4,"column":8},"end":{"line":4,"column":8}}]},"2":{"line":7,"type":"if","locations":[{"start":{"line":7,"column":12},"end":{"line":7,"column":12}},{"start":{"line":7,"column":12},"end":{"line":7,"column":12}}]},"3":{"line":18,"type":"if","locations":[{"start":{"line":18,"column":8},"end":{"line":18,"column":8}},{"start":{"line":18,"column":8},"end":{"line":18,"column":8}}]},"4":{"line":21,"type":"if","locations":[{"start":{"line":21,"column":12},"end":{"line":21,"column":12}},{"start":{"line":21,"column":12},"end":{"line":21,"column":12}}]},"5":{"line":35,"type":"if","locations":[{"start":{"line":35,"column":8},"end":{"line":35,"column":8}},{"start":{"line":35,"column":8},"end":{"line":35,"column":8}}]},"6":{"line":38,"type":"if","locations":[{"start":{"line":38,"column":12},"end":{"line":38,"column":12}},{"start":{"line":38,"column":12},"end":{"line":38,"column":12}}]},"7":{"line":52,"type":"if","locations":[{"start":{"line":52,"column":8},"end":{"line":52,"column":8}},{"start":{"line":52,"column":8},"end":{"line":52,"column":8}}]},"8":{"line":55,"type":"if","locations":[{"start":{"line":55,"column":12},"end":{"line":55,"column":12}},{"start":{"line":55,"column":12},"end":{"line":55,"column":12}}]},"9":{"line":70,"type":"if","locations":[{"start":{"line":70,"column":8},"end":{"line":70,"column":8}},{"start":{"line":70,"column":8},"end":{"line":70,"column":8}}]},"10":{"line":73,"type":"if","locations":[{"start":{"line":73,"column":12},"end":{"line":73,"column":12}},{"start":{"line":73,"column":12},"end":{"line":73,"column":12}}]}}},"/Users/yifanli/WebstormProjects/ESN-F16-SA8/controllers/join_community/index.js":{"path":"/Users/yifanli/WebstormProjects/ESN-F16-SA8/controllers/join_community/index.js","s":{"1":1,"2":1,"3":1,"4":1,"5":1,"6":1,"7":0,"8":0,"9":0,"10":1,"11":0,"12":0,"13":0,"14":0,"15":0,"16":0,"17":0,"18":0,"19":0,"20":1,"21":0,"22":0,"23":0,"24":0,"25":0,"26":0,"27":0,"28":0,"29":0,"30":0,"31":1,"32":9,"33":9,"34":9,"35":9,"36":9,"37":9,"38":8,"39":7,"40":7,"41":1,"42":1,"43":1,"44":2,"45":2,"46":2,"47":2,"48":0,"49":0,"50":0,"51":0,"52":0,"53":2,"54":2,"55":1,"56":1,"57":1,"58":1,"59":1,"60":1,"61":1,"62":1,"63":1,"64":1,"65":1,"66":1},"b":{"1":[0,0],"2":[0,0],"3":[0,0],"4":[0,0],"5":[0,0],"6":[8,1],"7":[7,1],"8":[0,2],"9":[1,1],"10":[1,0]},"f":{"1":0,"2":0,"3":0,"4":0,"5":0,"6":9,"7":9,"8":2,"9":0,"10":0,"11":2,"12":1,"13":1,"14":1},"fnMap":{"1":{"name":"(anonymous_1)","line":21,"loc":{"start":{"line":21,"column":16},"end":{"line":21,"column":41}}},"2":{"name":"(anonymous_2)","line":29,"loc":{"start":{"line":29,"column":28},"end":{"line":29,"column":47}}},"3":{"name":"(anonymous_3)","line":33,"loc":{"start":{"line":33,"column":45},"end":{"line":33,"column":65}}},"4":{"name":"(anonymous_4)","line":46,"loc":{"start":{"line":46,"column":39},"end":{"line":46,"column":58}}},"5":{"name":"(anonymous_5)","line":52,"loc":{"start":{"line":52,"column":41},"end":{"line":52,"column":61}}},"6":{"name":"(anonymous_6)","line":67,"loc":{"start":{"line":67,"column":6},"end":{"line":67,"column":24}}},"7":{"name":"(anonymous_7)","line":75,"loc":{"start":{"line":75,"column":38},"end":{"line":75,"column":57}}},"8":{"name":"(anonymous_8)","line":92,"loc":{"start":{"line":92,"column":6},"end":{"line":92,"column":24}}},"9":{"name":"(anonymous_9)","line":98,"loc":{"start":{"line":98,"column":67},"end":{"line":98,"column":82}}},"10":{"name":"(anonymous_10)","line":99,"loc":{"start":{"line":99,"column":53},"end":{"line":99,"column":68}}},"11":{"name":"(anonymous_11)","line":105,"loc":{"start":{"line":105,"column":30},"end":{"line":105,"column":46}}},"12":{"name":"(anonymous_12)","line":110,"loc":{"start":{"line":110,"column":63},"end":{"line":110,"column":75}}},"13":{"name":"(anonymous_13)","line":111,"loc":{"start":{"line":111,"column":62},"end":{"line":111,"column":78}}},"14":{"name":"(anonymous_14)","line":122,"loc":{"start":{"line":122,"column":5},"end":{"line":122,"column":23}}}},"statementMap":{"1":{"start":{"line":1,"column":0},"end":{"line":1,"column":33}},"2":{"start":{"line":2,"column":0},"end":{"line":2,"column":30}},"3":{"start":{"line":4,"column":0},"end":{"line":4,"column":63}},"4":{"start":{"line":5,"column":0},"end":{"line":5,"column":48}},"5":{"start":{"line":6,"column":0},"end":{"line":6,"column":56}},"6":{"start":{"line":21,"column":0},"end":{"line":27,"column":3}},"7":{"start":{"line":22,"column":4},"end":{"line":26,"column":5}},"8":{"start":{"line":23,"column":8},"end":{"line":23,"column":54}},"9":{"start":{"line":25,"column":8},"end":{"line":25,"column":53}},"10":{"start":{"line":29,"column":0},"end":{"line":44,"column":3}},"11":{"start":{"line":30,"column":1},"end":{"line":43,"column":2}},"12":{"start":{"line":31,"column":5},"end":{"line":31,"column":49}},"13":{"start":{"line":32,"column":8},"end":{"line":32,"column":49}},"14":{"start":{"line":33,"column":8},"end":{"line":40,"column":11}},"15":{"start":{"line":34,"column":11},"end":{"line":39,"column":12}},"16":{"start":{"line":35,"column":15},"end":{"line":35,"column":53}},"17":{"start":{"line":36,"column":15},"end":{"line":36,"column":69}},"18":{"start":{"line":38,"column":15},"end":{"line":38,"column":45}},"19":{"start":{"line":42,"column":2},"end":{"line":42,"column":47}},"20":{"start":{"line":46,"column":0},"end":{"line":64,"column":3}},"21":{"start":{"line":47,"column":1},"end":{"line":62,"column":2}},"22":{"start":{"line":48,"column":2},"end":{"line":48,"column":46}},"23":{"start":{"line":49,"column":2},"end":{"line":49,"column":37}},"24":{"start":{"line":50,"column":2},"end":{"line":50,"column":43}},"25":{"start":{"line":52,"column":4},"end":{"line":59,"column":11}},"26":{"start":{"line":53,"column":11},"end":{"line":58,"column":12}},"27":{"start":{"line":54,"column":15},"end":{"line":54,"column":53}},"28":{"start":{"line":55,"column":15},"end":{"line":55,"column":90}},"29":{"start":{"line":57,"column":15},"end":{"line":57,"column":45}},"30":{"start":{"line":61,"column":2},"end":{"line":61,"column":47}},"31":{"start":{"line":66,"column":0},"end":{"line":89,"column":3}},"32":{"start":{"line":68,"column":1},"end":{"line":68,"column":45}},"33":{"start":{"line":69,"column":1},"end":{"line":69,"column":34}},"34":{"start":{"line":70,"column":1},"end":{"line":70,"column":34}},"35":{"start":{"line":73,"column":4},"end":{"line":73,"column":35}},"36":{"start":{"line":75,"column":1},"end":{"line":88,"column":4}},"37":{"start":{"line":76,"column":2},"end":{"line":87,"column":3}},"38":{"start":{"line":77,"column":3},"end":{"line":83,"column":4}},"39":{"start":{"line":78,"column":4},"end":{"line":78,"column":28}},"40":{"start":{"line":79,"column":4},"end":{"line":79,"column":32}},"41":{"start":{"line":82,"column":4},"end":{"line":82,"column":40}},"42":{"start":{"line":86,"column":3},"end":{"line":86,"column":34}},"43":{"start":{"line":91,"column":0},"end":{"line":119,"column":3}},"44":{"start":{"line":93,"column":1},"end":{"line":93,"column":45}},"45":{"start":{"line":94,"column":1},"end":{"line":94,"column":34}},"46":{"start":{"line":95,"column":1},"end":{"line":95,"column":34}},"47":{"start":{"line":96,"column":1},"end":{"line":118,"column":2}},"48":{"start":{"line":97,"column":2},"end":{"line":97,"column":21}},"49":{"start":{"line":98,"column":2},"end":{"line":103,"column":5}},"50":{"start":{"line":99,"column":3},"end":{"line":102,"column":6}},"51":{"start":{"line":100,"column":4},"end":{"line":100,"column":28}},"52":{"start":{"line":101,"column":4},"end":{"line":101,"column":29}},"53":{"start":{"line":105,"column":2},"end":{"line":117,"column":5}},"54":{"start":{"line":106,"column":3},"end":{"line":116,"column":4}},"55":{"start":{"line":107,"column":4},"end":{"line":107,"column":67}},"56":{"start":{"line":108,"column":4},"end":{"line":108,"column":30}},"57":{"start":{"line":110,"column":4},"end":{"line":115,"column":7}},"58":{"start":{"line":111,"column":5},"end":{"line":114,"column":8}},"59":{"start":{"line":112,"column":6},"end":{"line":112,"column":30}},"60":{"start":{"line":113,"column":6},"end":{"line":113,"column":31}},"61":{"start":{"line":121,"column":0},"end":{"line":128,"column":3}},"62":{"start":{"line":123,"column":1},"end":{"line":126,"column":2}},"63":{"start":{"line":124,"column":8},"end":{"line":124,"column":57}},"64":{"start":{"line":125,"column":2},"end":{"line":125,"column":26}},"65":{"start":{"line":127,"column":1},"end":{"line":127,"column":46}},"66":{"start":{"line":130,"column":0},"end":{"line":130,"column":24}}},"branchMap":{"1":{"line":22,"type":"if","locations":[{"start":{"line":22,"column":4},"end":{"line":22,"column":4}},{"start":{"line":22,"column":4},"end":{"line":22,"column":4}}]},"2":{"line":30,"type":"if","locations":[{"start":{"line":30,"column":1},"end":{"line":30,"column":1}},{"start":{"line":30,"column":1},"end":{"line":30,"column":1}}]},"3":{"line":34,"type":"if","locations":[{"start":{"line":34,"column":11},"end":{"line":34,"column":11}},{"start":{"line":34,"column":11},"end":{"line":34,"column":11}}]},"4":{"line":47,"type":"if","locations":[{"start":{"line":47,"column":1},"end":{"line":47,"column":1}},{"start":{"line":47,"column":1},"end":{"line":47,"column":1}}]},"5":{"line":53,"type":"if","locations":[{"start":{"line":53,"column":11},"end":{"line":53,"column":11}},{"start":{"line":53,"column":11},"end":{"line":53,"column":11}}]},"6":{"line":76,"type":"if","locations":[{"start":{"line":76,"column":2},"end":{"line":76,"column":2}},{"start":{"line":76,"column":2},"end":{"line":76,"column":2}}]},"7":{"line":77,"type":"if","locations":[{"start":{"line":77,"column":3},"end":{"line":77,"column":3}},{"start":{"line":77,"column":3},"end":{"line":77,"column":3}}]},"8":{"line":96,"type":"if","locations":[{"start":{"line":96,"column":1},"end":{"line":96,"column":1}},{"start":{"line":96,"column":1},"end":{"line":96,"column":1}}]},"9":{"line":106,"type":"if","locations":[{"start":{"line":106,"column":3},"end":{"line":106,"column":3}},{"start":{"line":106,"column":3},"end":{"line":106,"column":3}}]},"10":{"line":123,"type":"if","locations":[{"start":{"line":123,"column":1},"end":{"line":123,"column":1}},{"start":{"line":123,"column":1},"end":{"line":123,"column":1}}]}}},"/Users/yifanli/WebstormProjects/ESN-F16-SA8/controllers/join_community/JoinCommunityIO.js":{"path":"/Users/yifanli/WebstormProjects/ESN-F16-SA8/controllers/join_community/JoinCommunityIO.js","s":{"1":1,"2":1,"3":1,"4":1,"5":1,"6":1,"7":1,"8":0,"9":0,"10":0,"11":1,"12":1,"13":1,"14":1,"15":0,"16":0,"17":0,"18":0,"19":0,"20":0,"21":0,"22":0,"23":0,"24":0,"25":0,"26":0,"27":0,"28":0,"29":0,"30":0,"31":0,"32":0,"33":0,"34":0,"35":0,"36":0,"37":0,"38":0,"39":0,"40":0,"41":0,"42":1},"b":{"1":[0,0],"2":[0,0]},"f":{"1":1,"2":0,"3":1,"4":0,"5":0,"6":0,"7":0,"8":0,"9":0,"10":0},"fnMap":{"1":{"name":"(anonymous_1)","line":7,"loc":{"start":{"line":7,"column":17},"end":{"line":7,"column":30}}},"2":{"name":"(anonymous_2)","line":12,"loc":{"start":{"line":12,"column":31},"end":{"line":12,"column":42}}},"3":{"name":"(anonymous_3)","line":19,"loc":{"start":{"line":19,"column":28},"end":{"line":19,"column":39}}},"4":{"name":"(anonymous_4)","line":22,"loc":{"start":{"line":22,"column":29},"end":{"line":22,"column":45}}},"5":{"name":"(anonymous_5)","line":30,"loc":{"start":{"line":30,"column":34},"end":{"line":30,"column":51}}},"6":{"name":"(anonymous_6)","line":36,"loc":{"start":{"line":36,"column":35},"end":{"line":36,"column":53}}},"7":{"name":"(anonymous_7)","line":37,"loc":{"start":{"line":37,"column":41},"end":{"line":37,"column":59}}},"8":{"name":"(anonymous_8)","line":48,"loc":{"start":{"line":48,"column":32},"end":{"line":48,"column":50}}},"9":{"name":"(anonymous_9)","line":53,"loc":{"start":{"line":53,"column":36},"end":{"line":53,"column":46}}},"10":{"name":"(anonymous_10)","line":64,"loc":{"start":{"line":64,"column":27},"end":{"line":64,"column":37}}}},"statementMap":{"1":{"start":{"line":1,"column":0},"end":{"line":1,"column":40}},"2":{"start":{"line":2,"column":0},"end":{"line":2,"column":68}},"3":{"start":{"line":3,"column":0},"end":{"line":3,"column":54}},"4":{"start":{"line":5,"column":0},"end":{"line":5,"column":47}},"5":{"start":{"line":7,"column":0},"end":{"line":9,"column":2}},"6":{"start":{"line":8,"column":4},"end":{"line":8,"column":17}},"7":{"start":{"line":12,"column":0},"end":{"line":16,"column":2}},"8":{"start":{"line":13,"column":4},"end":{"line":13,"column":26}},"9":{"start":{"line":14,"column":4},"end":{"line":14,"column":193}},"10":{"start":{"line":15,"column":4},"end":{"line":15,"column":27}},"11":{"start":{"line":19,"column":0},"end":{"line":70,"column":2}},"12":{"start":{"line":20,"column":4},"end":{"line":20,"column":22}},"13":{"start":{"line":21,"column":4},"end":{"line":21,"column":22}},"14":{"start":{"line":22,"column":4},"end":{"line":69,"column":7}},"15":{"start":{"line":23,"column":8},"end":{"line":28,"column":10}},"16":{"start":{"line":30,"column":8},"end":{"line":34,"column":11}},"17":{"start":{"line":31,"column":12},"end":{"line":31,"column":35}},"18":{"start":{"line":32,"column":12},"end":{"line":32,"column":49}},"19":{"start":{"line":33,"column":12},"end":{"line":33,"column":59}},"20":{"start":{"line":36,"column":8},"end":{"line":46,"column":11}},"21":{"start":{"line":37,"column":12},"end":{"line":44,"column":15}},"22":{"start":{"line":38,"column":16},"end":{"line":38,"column":39}},"23":{"start":{"line":39,"column":16},"end":{"line":39,"column":37}},"24":{"start":{"line":40,"column":16},"end":{"line":40,"column":39}},"25":{"start":{"line":41,"column":16},"end":{"line":41,"column":43}},"26":{"start":{"line":42,"column":16},"end":{"line":42,"column":50}},"27":{"start":{"line":43,"column":16},"end":{"line":43,"column":70}},"28":{"start":{"line":45,"column":12},"end":{"line":45,"column":39}},"29":{"start":{"line":48,"column":8},"end":{"line":51,"column":11}},"30":{"start":{"line":49,"column":12},"end":{"line":49,"column":37}},"31":{"start":{"line":50,"column":12},"end":{"line":50,"column":56}},"32":{"start":{"line":53,"column":8},"end":{"line":62,"column":11}},"33":{"start":{"line":54,"column":12},"end":{"line":54,"column":29}},"34":{"start":{"line":55,"column":12},"end":{"line":60,"column":13}},"35":{"start":{"line":56,"column":16},"end":{"line":58,"column":17}},"36":{"start":{"line":57,"column":20},"end":{"line":57,"column":29}},"37":{"start":{"line":59,"column":16},"end":{"line":59,"column":139}},"38":{"start":{"line":61,"column":12},"end":{"line":61,"column":51}},"39":{"start":{"line":64,"column":8},"end":{"line":67,"column":11}},"40":{"start":{"line":65,"column":12},"end":{"line":65,"column":34}},"41":{"start":{"line":66,"column":12},"end":{"line":66,"column":49}},"42":{"start":{"line":72,"column":0},"end":{"line":72,"column":28}}},"branchMap":{"1":{"line":14,"type":"cond-expr","locations":[{"start":{"line":14,"column":146},"end":{"line":14,"column":169}},{"start":{"line":14,"column":173},"end":{"line":14,"column":190}}]},"2":{"line":56,"type":"if","locations":[{"start":{"line":56,"column":16},"end":{"line":56,"column":16}},{"start":{"line":56,"column":16},"end":{"line":56,"column":16}}]}}},"/Users/yifanli/WebstormProjects/ESN-F16-SA8/models/privateChatMessage.js":{"path":"/Users/yifanli/WebstormProjects/ESN-F16-SA8/models/privateChatMessage.js","s":{"1":1,"2":1,"3":1,"4":1,"5":1,"6":0,"7":1,"8":1,"9":1,"10":1,"11":1,"12":1,"13":1,"14":1,"15":0,"16":1,"17":1},"b":{"1":[0,1],"2":[0,1]},"f":{"1":1,"2":1,"3":1,"4":1},"fnMap":{"1":{"name":"(anonymous_1)","line":3,"loc":{"start":{"line":3,"column":39},"end":{"line":3,"column":56}}},"2":{"name":"(anonymous_2)","line":11,"loc":{"start":{"line":11,"column":7},"end":{"line":11,"column":25}}},"3":{"name":"(anonymous_3)","line":20,"loc":{"start":{"line":20,"column":42},"end":{"line":20,"column":81}}},"4":{"name":"(anonymous_4)","line":26,"loc":{"start":{"line":26,"column":15},"end":{"line":26,"column":32}}}},"statementMap":{"1":{"start":{"line":1,"column":0},"end":{"line":1,"column":23}},"2":{"start":{"line":3,"column":0},"end":{"line":17,"column":2}},"3":{"start":{"line":4,"column":4},"end":{"line":4,"column":71}},"4":{"start":{"line":5,"column":4},"end":{"line":16,"column":7}},"5":{"start":{"line":12,"column":8},"end":{"line":14,"column":9}},"6":{"start":{"line":13,"column":12},"end":{"line":13,"column":29}},"7":{"start":{"line":20,"column":0},"end":{"line":37,"column":2}},"8":{"start":{"line":21,"column":4},"end":{"line":21,"column":64}},"9":{"start":{"line":22,"column":4},"end":{"line":22,"column":134}},"10":{"start":{"line":23,"column":4},"end":{"line":23,"column":20}},"11":{"start":{"line":24,"column":4},"end":{"line":24,"column":20}},"12":{"start":{"line":25,"column":4},"end":{"line":25,"column":28}},"13":{"start":{"line":26,"column":4},"end":{"line":36,"column":7}},"14":{"start":{"line":27,"column":8},"end":{"line":35,"column":9}},"15":{"start":{"line":28,"column":12},"end":{"line":28,"column":29}},"16":{"start":{"line":31,"column":12},"end":{"line":31,"column":25}},"17":{"start":{"line":39,"column":0},"end":{"line":39,"column":31}}},"branchMap":{"1":{"line":12,"type":"if","locations":[{"start":{"line":12,"column":8},"end":{"line":12,"column":8}},{"start":{"line":12,"column":8},"end":{"line":12,"column":8}}]},"2":{"line":27,"type":"if","locations":[{"start":{"line":27,"column":8},"end":{"line":27,"column":8}},{"start":{"line":27,"column":8},"end":{"line":27,"column":8}}]}}},"/Users/yifanli/WebstormProjects/ESN-F16-SA8/models/chatMessage.js":{"path":"/Users/yifanli/WebstormProjects/ESN-F16-SA8/models/chatMessage.js","s":{"1":1,"2":1,"3":1,"4":1,"5":1,"6":0,"7":1,"8":1,"9":1,"10":1,"11":1,"12":1,"13":1,"14":1,"15":0,"16":1,"17":1},"b":{"1":[0,1],"2":[0,1]},"f":{"1":1,"2":1,"3":1,"4":1},"fnMap":{"1":{"name":"(anonymous_1)","line":3,"loc":{"start":{"line":3,"column":30},"end":{"line":3,"column":47}}},"2":{"name":"(anonymous_2)","line":10,"loc":{"start":{"line":10,"column":7},"end":{"line":10,"column":25}}},"3":{"name":"(anonymous_3)","line":19,"loc":{"start":{"line":19,"column":33},"end":{"line":19,"column":56}}},"4":{"name":"(anonymous_4)","line":25,"loc":{"start":{"line":25,"column":15},"end":{"line":25,"column":32}}}},"statementMap":{"1":{"start":{"line":1,"column":0},"end":{"line":1,"column":21}},"2":{"start":{"line":3,"column":0},"end":{"line":16,"column":2}},"3":{"start":{"line":4,"column":4},"end":{"line":4,"column":62}},"4":{"start":{"line":5,"column":4},"end":{"line":15,"column":7}},"5":{"start":{"line":11,"column":8},"end":{"line":13,"column":9}},"6":{"start":{"line":12,"column":12},"end":{"line":12,"column":29}},"7":{"start":{"line":19,"column":0},"end":{"line":36,"column":2}},"8":{"start":{"line":20,"column":4},"end":{"line":20,"column":62}},"9":{"start":{"line":21,"column":4},"end":{"line":21,"column":37}},"10":{"start":{"line":22,"column":4},"end":{"line":22,"column":20}},"11":{"start":{"line":23,"column":4},"end":{"line":23,"column":20}},"12":{"start":{"line":24,"column":4},"end":{"line":24,"column":28}},"13":{"start":{"line":25,"column":4},"end":{"line":35,"column":7}},"14":{"start":{"line":26,"column":8},"end":{"line":34,"column":9}},"15":{"start":{"line":27,"column":12},"end":{"line":27,"column":29}},"16":{"start":{"line":30,"column":12},"end":{"line":30,"column":25}},"17":{"start":{"line":38,"column":0},"end":{"line":38,"column":29}}},"branchMap":{"1":{"line":11,"type":"if","locations":[{"start":{"line":11,"column":8},"end":{"line":11,"column":8}},{"start":{"line":11,"column":8},"end":{"line":11,"column":8}}]},"2":{"line":26,"type":"if","locations":[{"start":{"line":26,"column":8},"end":{"line":26,"column":8}},{"start":{"line":26,"column":8},"end":{"line":26,"column":8}}]}}},"/Users/yifanli/WebstormProjects/ESN-F16-SA8/controllers/sockets/sockets.js":{"path":"/Users/yifanli/WebstormProjects/ESN-F16-SA8/controllers/sockets/sockets.js","s":{"1":1,"2":1},"b":{},"f":{},"fnMap":{},"statementMap":{"1":{"start":{"line":1,"column":0},"end":{"line":1,"column":17}},"2":{"start":{"line":3,"column":0},"end":{"line":3,"column":25}}},"branchMap":{}},"/Users/yifanli/WebstormProjects/ESN-F16-SA8/controllers/chat_publicly/ChatPubliclyIO.js":{"path":"/Users/yifanli/WebstormProjects/ESN-F16-SA8/controllers/chat_publicly/ChatPubliclyIO.js","s":{"1":1,"2":1,"3":1,"4":1,"5":1,"6":1,"7":0,"8":0,"9":0,"10":0,"11":0,"12":0,"13":0,"14":0,"15":0,"16":0,"17":1},"b":{},"f":{"1":1,"2":1,"3":0,"4":0,"5":0,"6":0},"fnMap":{"1":{"name":"(anonymous_1)","line":5,"loc":{"start":{"line":5,"column":21},"end":{"line":5,"column":34}}},"2":{"name":"(anonymous_2)","line":9,"loc":{"start":{"line":9,"column":32},"end":{"line":9,"column":44}}},"3":{"name":"(anonymous_3)","line":10,"loc":{"start":{"line":10,"column":29},"end":{"line":10,"column":46}}},"4":{"name":"(anonymous_4)","line":11,"loc":{"start":{"line":11,"column":38},"end":{"line":11,"column":51}}},"5":{"name":"(anonymous_5)","line":12,"loc":{"start":{"line":12,"column":27},"end":{"line":12,"column":39}}},"6":{"name":"(anonymous_6)","line":18,"loc":{"start":{"line":18,"column":39},"end":{"line":18,"column":53}}}},"statementMap":{"1":{"start":{"line":2,"column":0},"end":{"line":2,"column":54}},"2":{"start":{"line":3,"column":0},"end":{"line":3,"column":47}},"3":{"start":{"line":5,"column":0},"end":{"line":7,"column":2}},"4":{"start":{"line":6,"column":4},"end":{"line":6,"column":17}},"5":{"start":{"line":9,"column":0},"end":{"line":31,"column":2}},"6":{"start":{"line":10,"column":4},"end":{"line":30,"column":7}},"7":{"start":{"line":11,"column":8},"end":{"line":16,"column":11}},"8":{"start":{"line":12,"column":12},"end":{"line":14,"column":14}},"9":{"start":{"line":13,"column":16},"end":{"line":13,"column":53}},"10":{"start":{"line":15,"column":12},"end":{"line":15,"column":58}},"11":{"start":{"line":18,"column":8},"end":{"line":29,"column":11}},"12":{"start":{"line":19,"column":12},"end":{"line":19,"column":44}},"13":{"start":{"line":20,"column":12},"end":{"line":25,"column":14}},"14":{"start":{"line":26,"column":12},"end":{"line":26,"column":63}},"15":{"start":{"line":27,"column":12},"end":{"line":27,"column":52}},"16":{"start":{"line":28,"column":12},"end":{"line":28,"column":49}},"17":{"start":{"line":33,"column":0},"end":{"line":33,"column":32}}},"branchMap":{}},"/Users/yifanli/WebstormProjects/ESN-F16-SA8/helpers/time.js":{"path":"/Users/yifanli/WebstormProjects/ESN-F16-SA8/helpers/time.js","s":{"1":1,"2":1,"3":1,"4":1,"5":1,"6":1},"b":{"1":[0,1]},"f":{"1":1},"fnMap":{"1":{"name":"(anonymous_1)","line":2,"loc":{"start":{"line":2,"column":15},"end":{"line":2,"column":26}}}},"statementMap":{"1":{"start":{"line":1,"column":0},"end":{"line":1,"column":14}},"2":{"start":{"line":2,"column":0},"end":{"line":6,"column":2}},"3":{"start":{"line":3,"column":4},"end":{"line":3,"column":26}},"4":{"start":{"line":4,"column":4},"end":{"line":4,"column":193}},"5":{"start":{"line":5,"column":4},"end":{"line":5,"column":27}},"6":{"start":{"line":7,"column":0},"end":{"line":7,"column":22}}},"branchMap":{"1":{"line":4,"type":"cond-expr","locations":[{"start":{"line":4,"column":146},"end":{"line":4,"column":169}},{"start":{"line":4,"column":173},"end":{"line":4,"column":190}}]}}},"/Users/yifanli/WebstormProjects/ESN-F16-SA8/controllers/chat_privately/ChatPrivatelyIO.js":{"path":"/Users/yifanli/WebstormProjects/ESN-F16-SA8/controllers/chat_privately/ChatPrivatelyIO.js","s":{"1":1,"2":1,"3":1,"4":1,"5":1,"6":1,"7":1,"8":1,"9":1,"10":0,"11":0,"12":0,"13":0,"14":0,"15":0,"16":0,"17":0,"18":0,"19":0,"20":0,"21":0,"22":0,"23":1},"b":{"1":[0,0]},"f":{"1":1,"2":1,"3":0,"4":0,"5":0,"6":0},"fnMap":{"1":{"name":"(anonymous_1)","line":8,"loc":{"start":{"line":8,"column":22},"end":{"line":8,"column":35}}},"2":{"name":"(anonymous_2)","line":12,"loc":{"start":{"line":12,"column":33},"end":{"line":12,"column":44}}},"3":{"name":"(anonymous_3)","line":14,"loc":{"start":{"line":14,"column":29},"end":{"line":14,"column":46}}},"4":{"name":"(anonymous_4)","line":15,"loc":{"start":{"line":15,"column":45},"end":{"line":15,"column":80}}},"5":{"name":"(anonymous_5)","line":16,"loc":{"start":{"line":16,"column":27},"end":{"line":16,"column":39}}},"6":{"name":"(anonymous_6)","line":22,"loc":{"start":{"line":22,"column":40},"end":{"line":22,"column":53}}}},"statementMap":{"1":{"start":{"line":2,"column":0},"end":{"line":2,"column":40}},"2":{"start":{"line":3,"column":0},"end":{"line":3,"column":68}},"3":{"start":{"line":4,"column":0},"end":{"line":4,"column":47}},"4":{"start":{"line":6,"column":0},"end":{"line":6,"column":47}},"5":{"start":{"line":8,"column":0},"end":{"line":10,"column":2}},"6":{"start":{"line":9,"column":4},"end":{"line":9,"column":17}},"7":{"start":{"line":12,"column":0},"end":{"line":46,"column":2}},"8":{"start":{"line":13,"column":4},"end":{"line":13,"column":22}},"9":{"start":{"line":14,"column":4},"end":{"line":45,"column":7}},"10":{"start":{"line":15,"column":8},"end":{"line":20,"column":11}},"11":{"start":{"line":16,"column":12},"end":{"line":18,"column":14}},"12":{"start":{"line":17,"column":16},"end":{"line":17,"column":60}},"13":{"start":{"line":19,"column":12},"end":{"line":19,"column":94}},"14":{"start":{"line":22,"column":8},"end":{"line":44,"column":11}},"15":{"start":{"line":23,"column":12},"end":{"line":23,"column":44}},"16":{"start":{"line":24,"column":12},"end":{"line":30,"column":14}},"17":{"start":{"line":36,"column":12},"end":{"line":41,"column":13}},"18":{"start":{"line":37,"column":16},"end":{"line":37,"column":74}},"19":{"start":{"line":38,"column":16},"end":{"line":38,"column":77}},"20":{"start":{"line":40,"column":16},"end":{"line":40,"column":56}},"21":{"start":{"line":42,"column":12},"end":{"line":42,"column":55}},"22":{"start":{"line":43,"column":12},"end":{"line":43,"column":63}},"23":{"start":{"line":49,"column":0},"end":{"line":49,"column":33}}},"branchMap":{"1":{"line":36,"type":"if","locations":[{"start":{"line":36,"column":12},"end":{"line":36,"column":12}},{"start":{"line":36,"column":12},"end":{"line":36,"column":12}}]}}}}