TN:
SF:/Users/yifanli/WebstormProjects/ESN-F16-SA8/app.js
FN:33,(anonymous_1)
FNF:1
FNH:1
FNDA:36,(anonymous_1)
DA:1,1
DA:2,1
DA:3,1
DA:4,1
DA:5,1
DA:6,1
DA:7,1
DA:8,1
DA:9,1
DA:10,1
DA:11,1
DA:12,1
DA:14,1
DA:23,1
DA:24,1
DA:26,1
DA:27,1
DA:28,1
DA:29,1
DA:30,1
DA:31,1
DA:33,1
DA:34,36
DA:35,36
DA:38,1
DA:39,1
DA:40,1
DA:41,1
DA:43,1
DA:46,1
DA:47,1
DA:48,1
DA:50,1
DA:51,1
DA:52,1
DA:54,1
DA:55,1
DA:56,1
DA:63,1
LF:39
LH:39
BRF:0
BRH:0
end_of_record
TN:
SF:/Users/yifanli/WebstormProjects/ESN-F16-SA8/helpers/dbHandle.js
FN:17,(anonymous_1)
FN:20,(anonymous_2)
FN:22,(anonymous_3)
FNF:3
FNH:3
FNDA:78,(anonymous_1)
FNDA:24,(anonymous_2)
FNDA:168,(anonymous_3)
DA:1,1
DA:2,1
DA:3,1
DA:4,1
DA:7,1
DA:8,7
DA:11,1
DA:12,1
DA:14,1
DA:16,1
DA:18,78
DA:21,24
DA:22,168
LF:13
LH:13
BRDA:12,1,0,1
BRDA:12,1,1,1
BRF:2
BRH:2
end_of_record
TN:
SF:/Users/yifanli/WebstormProjects/ESN-F16-SA8/config.js
FNF:0
FNH:0
DA:1,1
LF:1
LH:1
BRF:0
BRH:0
end_of_record
TN:
SF:/Users/yifanli/WebstormProjects/ESN-F16-SA8/helpers/schemas.js
FNF:0
FNH:0
DA:1,1
LF:1
LH:1
BRF:0
BRH:0
end_of_record
TN:
SF:/Users/yifanli/WebstormProjects/ESN-F16-SA8/controllers/find_nearby/findNearby.js
FN:21,(anonymous_1)
FN:30,(anonymous_2)
FN:34,(anonymous_3)
FN:50,(anonymous_4)
FN:55,(anonymous_5)
FN:62,(anonymous_6)
FN:64,(anonymous_7)
FN:70,(anonymous_8)
FN:82,(anonymous_9)
FN:89,(anonymous_10)
FN:92,(anonymous_11)
FN:96,(anonymous_12)
FN:120,(anonymous_13)
FN:129,(anonymous_14)
FN:146,(anonymous_15)
FNF:15
FNH:15
FNDA:2,(anonymous_1)
FNDA:2,(anonymous_2)
FNDA:2,(anonymous_3)
FNDA:1,(anonymous_4)
FNDA:1,(anonymous_5)
FNDA:1,(anonymous_6)
FNDA:1,(anonymous_7)
FNDA:1,(anonymous_8)
FNDA:1,(anonymous_9)
FNDA:1,(anonymous_10)
FNDA:1,(anonymous_11)
FNDA:1,(anonymous_12)
FNDA:1,(anonymous_13)
FNDA:1,(anonymous_14)
FNDA:1,(anonymous_15)
DA:2,1
DA:3,1
DA:5,1
DA:6,1
DA:8,1
DA:9,1
DA:10,1
DA:12,1
DA:19,1
DA:21,1
DA:22,2
DA:23,1
DA:26,1
DA:30,1
DA:31,2
DA:32,2
DA:33,2
DA:34,2
DA:35,2
DA:36,2
DA:37,4
DA:38,2
DA:39,2
DA:41,2
DA:45,2
DA:50,1
DA:51,1
DA:52,1
DA:53,1
DA:54,1
DA:57,1
DA:62,1
DA:63,1
DA:64,1
DA:65,1
DA:70,1
DA:71,1
DA:72,1
DA:73,1
DA:74,1
DA:75,1
DA:81,1
DA:83,1
DA:89,1
DA:90,1
DA:91,1
DA:92,1
DA:93,1
DA:94,1
DA:95,1
DA:96,1
DA:97,1
DA:98,1
DA:100,1
DA:102,1
DA:104,1
DA:106,1
DA:108,1
DA:109,1
DA:110,1
DA:119,1
DA:121,1
DA:129,1
DA:130,1
DA:131,1
DA:132,1
DA:133,1
DA:134,1
DA:135,1
DA:136,1
DA:137,1
DA:145,1
DA:147,1
DA:148,1
DA:154,1
LF:75
LH:75
BRDA:22,1,0,1
BRDA:22,1,1,1
BRDA:37,2,0,2
BRDA:37,2,1,2
BRDA:38,3,0,2
BRDA:38,3,1,0
BRF:6
BRH:5
end_of_record
TN:
SF:/Users/yifanli/WebstormProjects/ESN-F16-SA8/models/userLocation.js
FN:4,(anonymous_1)
FN:8,(anonymous_2)
FN:13,(anonymous_3)
FN:18,(anonymous_4)
FNF:4
FNH:4
FNDA:3,(anonymous_1)
FNDA:3,(anonymous_2)
FNDA:2,(anonymous_3)
FNDA:2,(anonymous_4)
DA:1,1
DA:2,1
DA:4,1
DA:5,3
DA:9,3
DA:13,1
DA:14,2
DA:15,2
DA:16,2
DA:18,2
DA:19,2
DA:20,2
DA:25,1
LF:13
LH:13
BRF:0
BRH:0
end_of_record
TN:
SF:/Users/yifanli/WebstormProjects/ESN-F16-SA8/models/mapEvent.js
FN:4,(anonymous_1)
FN:11,(anonymous_2)
FN:16,(anonymous_3)
FN:18,(anonymous_4)
FNF:4
FNH:4
FNDA:2,(anonymous_1)
FNDA:2,(anonymous_2)
FNDA:3,(anonymous_3)
FNDA:3,(anonymous_4)
DA:1,1
DA:2,1
DA:4,1
DA:5,2
DA:6,2
DA:7,2
DA:12,2
DA:16,1
DA:17,3
DA:19,3
DA:24,1
LF:11
LH:11
BRF:0
BRH:0
end_of_record
TN:
SF:/Users/yifanli/WebstormProjects/ESN-F16-SA8/controllers/post_announcement/announce.js
FN:4,getTime
FN:10,(anonymous_2)
FN:20,(anonymous_3)
FN:29,(anonymous_4)
FN:35,(anonymous_5)
FN:40,(anonymous_6)
FNF:6
FNH:6
FNDA:1,getTime
FNDA:2,(anonymous_2)
FNDA:1,(anonymous_3)
FNDA:1,(anonymous_4)
FNDA:1,(anonymous_5)
FNDA:1,(anonymous_6)
DA:1,1
DA:2,1
DA:4,1
DA:5,1
DA:6,1
DA:7,1
DA:10,1
DA:11,2
DA:12,1
DA:15,1
DA:19,1
DA:21,1
DA:22,1
DA:23,1
DA:24,1
DA:25,1
DA:30,1
DA:34,1
DA:36,1
DA:37,1
DA:38,1
DA:39,1
DA:40,1
DA:41,1
DA:45,1
LF:25
LH:25
BRDA:6,1,0,0
BRDA:6,1,1,1
BRDA:11,2,0,1
BRDA:11,2,1,1
BRF:4
BRH:3
end_of_record
TN:
SF:/Users/yifanli/WebstormProjects/ESN-F16-SA8/controllers/search_information/search.js
FN:6,(anonymous_1)
FN:15,(anonymous_2)
FN:17,(anonymous_3)
FN:23,(anonymous_4)
FN:25,(anonymous_5)
FN:31,(anonymous_6)
FN:33,(anonymous_7)
FN:39,(anonymous_8)
FN:41,(anonymous_9)
FN:47,(anonymous_10)
FN:49,(anonymous_11)
FNF:11
FNH:11
FNDA:2,(anonymous_1)
FNDA:1,(anonymous_2)
FNDA:1,(anonymous_3)
FNDA:1,(anonymous_4)
FNDA:1,(anonymous_5)
FNDA:1,(anonymous_6)
FNDA:1,(anonymous_7)
FNDA:1,(anonymous_8)
FNDA:1,(anonymous_9)
FNDA:1,(anonymous_10)
FNDA:1,(anonymous_11)
DA:2,1
DA:3,1
DA:4,1
DA:6,1
DA:7,2
DA:8,1
DA:11,1
DA:15,1
DA:16,1
DA:17,1
DA:18,1
DA:20,1
DA:23,1
DA:24,1
DA:25,1
DA:26,1
DA:28,1
DA:31,1
DA:32,1
DA:33,1
DA:34,1
DA:36,1
DA:39,1
DA:40,1
DA:41,1
DA:42,1
DA:44,1
DA:47,1
DA:48,1
DA:49,1
DA:50,1
DA:52,1
DA:55,1
LF:33
LH:33
BRDA:7,1,0,1
BRDA:7,1,1,1
BRF:2
BRH:2
end_of_record
TN:
SF:/Users/yifanli/WebstormProjects/ESN-F16-SA8/models/searchDAO.js
FN:10,(anonymous_1)
FN:12,(anonymous_2)
FN:23,(anonymous_3)
FN:26,(anonymous_4)
FN:33,(anonymous_5)
FN:34,(anonymous_6)
FN:45,(anonymous_7)
FN:48,(anonymous_8)
FN:55,(anonymous_9)
FN:64,(anonymous_10)
FN:69,(anonymous_11)
FN:77,(anonymous_12)
FN:82,(anonymous_13)
FN:90,(anonymous_14)
FNF:14
FNH:10
FNDA:3,(anonymous_1)
FNDA:3,(anonymous_2)
FNDA:0,(anonymous_3)
FNDA:0,(anonymous_4)
FNDA:2,(anonymous_5)
FNDA:2,(anonymous_6)
FNDA:0,(anonymous_7)
FNDA:0,(anonymous_8)
FNDA:2,(anonymous_9)
FNDA:2,(anonymous_10)
FNDA:2,(anonymous_11)
FNDA:2,(anonymous_12)
FNDA:2,(anonymous_13)
FNDA:2,(anonymous_14)
DA:2,1
DA:3,1
DA:4,1
DA:5,1
DA:6,1
DA:8,1
DA:10,1
DA:11,3
DA:12,3
DA:13,3
DA:14,3
DA:15,3
DA:16,3
DA:17,1
DA:20,2
DA:23,3
DA:24,0
DA:26,3
DA:27,0
DA:29,3
DA:33,1
DA:34,2
DA:35,2
DA:36,2
DA:37,2
DA:38,3
DA:39,1
DA:42,2
DA:45,2
DA:46,0
DA:48,2
DA:49,0
DA:51,2
DA:55,1
DA:56,2
DA:57,2
DA:58,3
DA:59,3
DA:61,2
DA:63,2
DA:64,2
DA:65,2
DA:69,1
DA:70,2
DA:71,2
DA:72,2
DA:73,2
DA:75,2
DA:76,2
DA:77,2
DA:78,2
DA:82,1
DA:83,2
DA:84,2
DA:85,3
DA:86,3
DA:88,2
DA:89,2
DA:90,2
DA:91,2
DA:95,1
LF:61
LH:57
BRDA:16,1,0,1
BRDA:16,1,1,2
BRDA:38,2,0,1
BRDA:38,2,1,2
BRF:4
BRH:4
end_of_record
TN:
SF:/Users/yifanli/WebstormProjects/ESN-F16-SA8/models/userOnlineInfo.js
FN:6,(anonymous_1)
FN:13,(anonymous_2)
FN:16,(anonymous_3)
FN:20,(anonymous_4)
FN:31,(anonymous_5)
FNF:5
FNH:3
FNDA:1,(anonymous_1)
FNDA:9,(anonymous_2)
FNDA:1,(anonymous_3)
FNDA:0,(anonymous_4)
FNDA:0,(anonymous_5)
DA:1,1
DA:2,1
DA:4,1
DA:6,1
DA:7,1
DA:8,0
DA:9,0
DA:13,1
DA:14,9
DA:16,1
DA:17,1
DA:20,1
DA:21,0
DA:22,0
DA:23,0
DA:24,0
DA:27,0
DA:28,0
DA:31,1
DA:32,0
DA:33,0
DA:34,0
DA:35,0
DA:38,0
DA:39,0
DA:42,1
LF:26
LH:12
BRDA:23,1,0,0
BRDA:23,1,1,0
BRDA:34,2,0,0
BRDA:34,2,1,0
BRF:4
BRH:0
end_of_record
TN:
SF:/Users/yifanli/WebstormProjects/ESN-F16-SA8/controllers/administrator_profile/admin.js
FN:7,(anonymous_1)
FN:8,(anonymous_2)
FN:19,(anonymous_3)
FN:27,(anonymous_4)
FN:28,(anonymous_5)
FN:33,(anonymous_6)
FN:36,(anonymous_7)
FN:41,(anonymous_8)
FN:55,(anonymous_9)
FN:67,(anonymous_10)
FNF:10
FNH:6
FNDA:2,(anonymous_1)
FNDA:2,(anonymous_2)
FNDA:0,(anonymous_3)
FNDA:1,(anonymous_4)
FNDA:1,(anonymous_5)
FNDA:0,(anonymous_6)
FNDA:0,(anonymous_7)
FNDA:0,(anonymous_8)
FNDA:3,(anonymous_9)
FNDA:2,(anonymous_10)
DA:2,1
DA:3,1
DA:4,1
DA:5,1
DA:7,1
DA:8,2
DA:9,2
DA:10,2
DA:11,1
DA:13,1
DA:19,1
DA:20,0
DA:21,0
DA:23,0
DA:27,1
DA:28,1
DA:29,1
DA:33,1
DA:34,0
DA:35,0
DA:36,0
DA:37,0
DA:38,0
DA:39,0
DA:40,0
DA:41,0
DA:42,0
DA:43,0
DA:44,0
DA:46,0
DA:50,0
DA:55,1
DA:56,3
DA:57,3
DA:58,3
DA:59,3
DA:60,3
DA:61,3
DA:62,1
DA:63,1
DA:64,1
DA:65,1
DA:67,2
DA:68,2
DA:69,1
DA:71,1
DA:72,1
DA:73,1
DA:74,1
DA:75,1
DA:76,1
DA:82,1
LF:52
LH:36
BRDA:9,1,0,2
BRDA:9,1,1,0
BRDA:10,2,0,1
BRDA:10,2,1,1
BRDA:20,3,0,0
BRDA:20,3,1,0
BRDA:37,4,0,0
BRDA:37,4,1,0
BRDA:43,5,0,0
BRDA:43,5,1,0
BRDA:61,6,0,1
BRDA:61,6,1,2
BRDA:68,7,0,1
BRDA:68,7,1,1
BRF:14
BRH:7
end_of_record
TN:
SF:/Users/yifanli/WebstormProjects/ESN-F16-SA8/models/user.js
FN:3,(anonymous_1)
FN:5,(anonymous_2)
FN:12,(anonymous_3)
FN:14,(anonymous_4)
FN:31,(anonymous_5)
FN:37,(anonymous_6)
FN:48,(anonymous_7)
FN:54,(anonymous_8)
FN:66,(anonymous_9)
FN:69,(anonymous_10)
FN:80,(anonymous_11)
FN:82,(anonymous_12)
FN:99,(anonymous_13)
FN:105,(anonymous_14)
FNF:14
FNH:14
FNDA:1,(anonymous_1)
FNDA:1,(anonymous_2)
FNDA:1,(anonymous_3)
FNDA:1,(anonymous_4)
FNDA:1,(anonymous_5)
FNDA:1,(anonymous_6)
FNDA:2,(anonymous_7)
FNDA:2,(anonymous_8)
FNDA:4,(anonymous_9)
FNDA:4,(anonymous_10)
FNDA:1,(anonymous_11)
FNDA:1,(anonymous_12)
FNDA:1,(anonymous_13)
FNDA:1,(anonymous_14)
DA:1,1
DA:3,1
DA:4,1
DA:5,1
DA:6,1
DA:7,0
DA:12,1
DA:13,1
DA:14,1
DA:15,1
DA:16,0
DA:18,1
DA:19,1
DA:20,1
DA:22,0
DA:24,1
DA:31,1
DA:32,1
DA:33,1
DA:36,1
DA:37,1
DA:38,1
DA:39,0
DA:41,1
DA:42,0
DA:48,1
DA:49,2
DA:50,2
DA:53,2
DA:54,2
DA:55,2
DA:56,0
DA:58,2
DA:59,0
DA:66,1
DA:67,4
DA:68,4
DA:69,4
DA:70,4
DA:71,0
DA:73,4
DA:74,4
DA:80,1
DA:81,1
DA:82,1
DA:83,1
DA:84,0
DA:86,1
DA:87,1
DA:88,1
DA:89,1
DA:90,1
DA:92,1
DA:99,1
DA:100,1
DA:101,1
DA:106,1
DA:107,0
DA:109,1
DA:110,1
DA:116,1
LF:61
LH:51
BRDA:6,1,0,0
BRDA:6,1,1,1
BRDA:15,2,0,0
BRDA:15,2,1,1
BRDA:19,3,0,1
BRDA:19,3,1,0
BRDA:38,4,0,0
BRDA:38,4,1,1
BRDA:41,5,0,0
BRDA:41,5,1,1
BRDA:55,6,0,0
BRDA:55,6,1,2
BRDA:58,7,0,0
BRDA:58,7,1,2
BRDA:70,8,0,0
BRDA:70,8,1,4
BRDA:73,9,0,4
BRDA:73,9,1,0
BRDA:83,10,0,0
BRDA:83,10,1,1
BRDA:86,11,0,1
BRDA:86,11,1,0
BRDA:106,12,0,0
BRDA:106,12,1,1
BRDA:109,13,0,1
BRDA:109,13,1,0
BRF:26
BRH:13
end_of_record
TN:
SF:/Users/yifanli/WebstormProjects/ESN-F16-SA8/models/userRole.js
FN:3,(anonymous_1)
FN:12,(anonymous_2)
FN:16,(anonymous_3)
FN:20,(anonymous_4)
FN:24,(anonymous_5)
FNF:5
FNH:4
FNDA:1,(anonymous_1)
FNDA:0,(anonymous_2)
FNDA:1,(anonymous_3)
FNDA:2,(anonymous_4)
FNDA:2,(anonymous_5)
DA:1,1
DA:2,1
DA:3,1
DA:4,1
DA:9,1
DA:12,1
DA:13,0
DA:16,1
DA:17,1
DA:20,1
DA:21,2
DA:24,1
DA:25,2
DA:28,1
LF:14
LH:13
BRF:0
BRH:0
end_of_record
TN:
SF:/Users/yifanli/WebstormProjects/ESN-F16-SA8/database/db.js
FNF:0
FNH:0
DA:1,1
DA:2,1
DA:3,1
DA:4,1
DA:5,1
DA:6,1
DA:7,1
DA:8,1
DA:11,1
LF:9
LH:9
BRF:0
BRH:0
end_of_record
TN:
SF:/Users/yifanli/WebstormProjects/ESN-F16-SA8/database/dbUserRole.js
FN:1,(anonymous_1)
FN:3,(anonymous_2)
FN:14,(anonymous_3)
FN:17,(anonymous_4)
FN:28,(anonymous_5)
FN:34,(anonymous_6)
FN:45,(anonymous_7)
FN:51,(anonymous_8)
FN:63,(anonymous_9)
FN:69,(anonymous_10)
FNF:10
FNH:8
FNDA:1,(anonymous_1)
FNDA:1,(anonymous_2)
FNDA:0,(anonymous_3)
FNDA:0,(anonymous_4)
FNDA:1,(anonymous_5)
FNDA:1,(anonymous_6)
FNDA:2,(anonymous_7)
FNDA:2,(anonymous_8)
FNDA:2,(anonymous_9)
FNDA:2,(anonymous_10)
DA:1,1
DA:2,1
DA:3,1
DA:4,1
DA:5,0
DA:7,1
DA:8,1
DA:14,1
DA:15,0
DA:16,0
DA:17,0
DA:18,0
DA:19,0
DA:21,0
DA:22,0
DA:28,1
DA:29,1
DA:30,1
DA:33,1
DA:34,1
DA:35,1
DA:36,0
DA:38,1
DA:39,0
DA:45,1
DA:46,2
DA:47,2
DA:50,2
DA:51,2
DA:52,2
DA:53,0
DA:55,2
DA:56,0
DA:63,1
DA:64,2
DA:65,2
DA:68,2
DA:69,2
DA:70,2
DA:71,0
DA:73,2
DA:74,0
LF:42
LH:28
BRDA:4,1,0,0
BRDA:4,1,1,1
BRDA:7,2,0,1
BRDA:7,2,1,0
BRDA:18,3,0,0
BRDA:18,3,1,0
BRDA:21,4,0,0
BRDA:21,4,1,0
BRDA:35,5,0,0
BRDA:35,5,1,1
BRDA:38,6,0,0
BRDA:38,6,1,1
BRDA:52,7,0,0
BRDA:52,7,1,2
BRDA:55,8,0,0
BRDA:55,8,1,2
BRDA:70,9,0,0
BRDA:70,9,1,2
BRDA:73,10,0,0
BRDA:73,10,1,2
BRF:20
BRH:8
end_of_record
TN:
SF:/Users/yifanli/WebstormProjects/ESN-F16-SA8/controllers/join_community/index.js
FN:21,(anonymous_1)
FN:29,(anonymous_2)
FN:33,(anonymous_3)
FN:46,(anonymous_4)
FN:52,(anonymous_5)
FN:67,(anonymous_6)
FN:75,(anonymous_7)
FN:92,(anonymous_8)
FN:98,(anonymous_9)
FN:99,(anonymous_10)
FN:105,(anonymous_11)
FN:110,(anonymous_12)
FN:111,(anonymous_13)
FN:122,(anonymous_14)
FNF:14
FNH:7
FNDA:0,(anonymous_1)
FNDA:0,(anonymous_2)
FNDA:0,(anonymous_3)
FNDA:0,(anonymous_4)
FNDA:0,(anonymous_5)
FNDA:9,(anonymous_6)
FNDA:9,(anonymous_7)
FNDA:2,(anonymous_8)
FNDA:0,(anonymous_9)
FNDA:0,(anonymous_10)
FNDA:2,(anonymous_11)
FNDA:1,(anonymous_12)
FNDA:1,(anonymous_13)
FNDA:1,(anonymous_14)
DA:1,1
DA:2,1
DA:4,1
DA:5,1
DA:6,1
DA:21,1
DA:22,0
DA:23,0
DA:25,0
DA:29,1
DA:30,0
DA:31,0
DA:32,0
DA:33,0
DA:34,0
DA:35,0
DA:36,0
DA:38,0
DA:42,0
DA:46,1
DA:47,0
DA:48,0
DA:49,0
DA:50,0
DA:52,0
DA:53,0
DA:54,0
DA:55,0
DA:57,0
DA:61,0
DA:66,1
DA:68,9
DA:69,9
DA:70,9
DA:73,9
DA:75,9
DA:76,9
DA:77,8
DA:78,7
DA:79,7
DA:82,1
DA:86,1
DA:91,1
DA:93,2
DA:94,2
DA:95,2
DA:96,2
DA:97,0
DA:98,0
DA:99,0
DA:100,0
DA:101,0
DA:105,2
DA:106,2
DA:107,1
DA:108,1
DA:110,1
DA:111,1
DA:112,1
DA:113,1
DA:121,1
DA:123,1
DA:124,1
DA:125,1
DA:127,1
DA:130,1
LF:66
LH:39
BRDA:22,1,0,0
BRDA:22,1,1,0
BRDA:30,2,0,0
BRDA:30,2,1,0
BRDA:34,3,0,0
BRDA:34,3,1,0
BRDA:47,4,0,0
BRDA:47,4,1,0
BRDA:53,5,0,0
BRDA:53,5,1,0
BRDA:76,6,0,8
BRDA:76,6,1,1
BRDA:77,7,0,7
BRDA:77,7,1,1
BRDA:96,8,0,0
BRDA:96,8,1,2
BRDA:106,9,0,1
BRDA:106,9,1,1
BRDA:123,10,0,1
BRDA:123,10,1,0
BRF:20
BRH:8
end_of_record
TN:
SF:/Users/yifanli/WebstormProjects/ESN-F16-SA8/controllers/join_community/JoinCommunityIO.js
FN:7,(anonymous_1)
FN:12,(anonymous_2)
FN:19,(anonymous_3)
FN:22,(anonymous_4)
FN:30,(anonymous_5)
FN:36,(anonymous_6)
FN:37,(anonymous_7)
FN:48,(anonymous_8)
FN:53,(anonymous_9)
FN:64,(anonymous_10)
FNF:10
FNH:2
FNDA:1,(anonymous_1)
FNDA:0,(anonymous_2)
FNDA:1,(anonymous_3)
FNDA:0,(anonymous_4)
FNDA:0,(anonymous_5)
FNDA:0,(anonymous_6)
FNDA:0,(anonymous_7)
FNDA:0,(anonymous_8)
FNDA:0,(anonymous_9)
FNDA:0,(anonymous_10)
DA:1,1
DA:2,1
DA:3,1
DA:5,1
DA:7,1
DA:8,1
DA:12,1
DA:13,0
DA:14,0
DA:15,0
DA:19,1
DA:20,1
DA:21,1
DA:22,1
DA:23,0
DA:30,0
DA:31,0
DA:32,0
DA:33,0
DA:36,0
DA:37,0
DA:38,0
DA:39,0
DA:40,0
DA:41,0
DA:42,0
DA:43,0
DA:45,0
DA:48,0
DA:49,0
DA:50,0
DA:53,0
DA:54,0
DA:55,0
DA:56,0
DA:57,0
DA:59,0
DA:61,0
DA:64,0
DA:65,0
DA:66,0
DA:72,1
LF:42
LH:12
BRDA:14,1,0,0
BRDA:14,1,1,0
BRDA:56,2,0,0
BRDA:56,2,1,0
BRF:4
BRH:0
end_of_record
TN:
SF:/Users/yifanli/WebstormProjects/ESN-F16-SA8/models/privateChatMessage.js
FN:3,(anonymous_1)
FN:11,(anonymous_2)
FN:20,(anonymous_3)
FN:26,(anonymous_4)
FNF:4
FNH:4
FNDA:1,(anonymous_1)
FNDA:1,(anonymous_2)
FNDA:1,(anonymous_3)
FNDA:1,(anonymous_4)
DA:1,1
DA:3,1
DA:4,1
DA:5,1
DA:12,1
DA:13,0
DA:20,1
DA:21,1
DA:22,1
DA:23,1
DA:24,1
DA:25,1
DA:26,1
DA:27,1
DA:28,0
DA:31,1
DA:39,1
LF:17
LH:15
BRDA:12,1,0,0
BRDA:12,1,1,1
BRDA:27,2,0,0
BRDA:27,2,1,1
BRF:4
BRH:2
end_of_record
TN:
SF:/Users/yifanli/WebstormProjects/ESN-F16-SA8/models/chatMessage.js
FN:3,(anonymous_1)
FN:10,(anonymous_2)
FN:19,(anonymous_3)
FN:25,(anonymous_4)
FNF:4
FNH:4
FNDA:1,(anonymous_1)
FNDA:1,(anonymous_2)
FNDA:1,(anonymous_3)
FNDA:1,(anonymous_4)
DA:1,1
DA:3,1
DA:4,1
DA:5,1
DA:11,1
DA:12,0
DA:19,1
DA:20,1
DA:21,1
DA:22,1
DA:23,1
DA:24,1
DA:25,1
DA:26,1
DA:27,0
DA:30,1
DA:38,1
LF:17
LH:15
BRDA:11,1,0,0
BRDA:11,1,1,1
BRDA:26,2,0,0
BRDA:26,2,1,1
BRF:4
BRH:2
end_of_record
TN:
SF:/Users/yifanli/WebstormProjects/ESN-F16-SA8/controllers/sockets/sockets.js
FNF:0
FNH:0
DA:1,1
DA:3,1
LF:2
LH:2
BRF:0
BRH:0
end_of_record
TN:
SF:/Users/yifanli/WebstormProjects/ESN-F16-SA8/controllers/chat_publicly/ChatPubliclyIO.js
FN:5,(anonymous_1)
FN:9,(anonymous_2)
FN:10,(anonymous_3)
FN:11,(anonymous_4)
FN:12,(anonymous_5)
FN:18,(anonymous_6)
FNF:6
FNH:2
FNDA:1,(anonymous_1)
FNDA:1,(anonymous_2)
FNDA:0,(anonymous_3)
FNDA:0,(anonymous_4)
FNDA:0,(anonymous_5)
FNDA:0,(anonymous_6)
DA:2,1
DA:3,1
DA:5,1
DA:6,1
DA:9,1
DA:10,1
DA:11,0
DA:12,0
DA:13,0
DA:15,0
DA:18,0
DA:19,0
DA:20,0
DA:26,0
DA:27,0
DA:28,0
DA:33,1
LF:17
LH:7
BRF:0
BRH:0
end_of_record
TN:
SF:/Users/yifanli/WebstormProjects/ESN-F16-SA8/helpers/time.js
FN:2,(anonymous_1)
FNF:1
FNH:1
FNDA:1,(anonymous_1)
DA:1,1
DA:2,1
DA:3,1
DA:4,1
DA:5,1
DA:7,1
LF:6
LH:6
BRDA:4,1,0,0
BRDA:4,1,1,1
BRF:2
BRH:1
end_of_record
TN:
SF:/Users/yifanli/WebstormProjects/ESN-F16-SA8/controllers/chat_privately/ChatPrivatelyIO.js
FN:8,(anonymous_1)
FN:12,(anonymous_2)
FN:14,(anonymous_3)
FN:15,(anonymous_4)
FN:16,(anonymous_5)
FN:22,(anonymous_6)
FNF:6
FNH:2
FNDA:1,(anonymous_1)
FNDA:1,(anonymous_2)
FNDA:0,(anonymous_3)
FNDA:0,(anonymous_4)
FNDA:0,(anonymous_5)
FNDA:0,(anonymous_6)
DA:2,1
DA:3,1
DA:4,1
DA:6,1
DA:8,1
DA:9,1
DA:12,1
DA:13,1
DA:14,1
DA:15,0
DA:16,0
DA:17,0
DA:19,0
DA:22,0
DA:23,0
DA:24,0
DA:36,0
DA:37,0
DA:38,0
DA:40,0
DA:42,0
DA:43,0
DA:49,1
LF:23
LH:10
BRDA:36,1,0,0
BRDA:36,1,1,0
BRF:2
BRH:0
end_of_record
